TN:
SF:src\App.tsx
FN:18,App
FNF:1
FNH:0
FNDA:0,App
DA:2,0
DA:3,0
DA:4,0
DA:5,0
DA:6,0
DA:7,0
DA:8,0
DA:9,0
DA:10,0
DA:11,0
DA:12,0
DA:14,0
DA:15,0
DA:17,0
DA:19,0
DA:45,0
LF:16
LH:0
BRF:0
BRH:0
end_of_record
TN:
SF:src\debugHelper.tsx
FN:35,(anonymous_0)
FN:41,(anonymous_1)
FN:45,(anonymous_2)
FN:49,(anonymous_3)
FN:57,(anonymous_4)
FN:66,(anonymous_5)
FN:94,(anonymous_6)
FN:131,(anonymous_7)
FN:141,(anonymous_8)
FN:165,(anonymous_9)
FN:174,(anonymous_10)
FN:197,(anonymous_11)
FN:219,(anonymous_12)
FN:245,(anonymous_13)
FNF:14
FNH:0
FNDA:0,(anonymous_0)
FNDA:0,(anonymous_1)
FNDA:0,(anonymous_2)
FNDA:0,(anonymous_3)
FNDA:0,(anonymous_4)
FNDA:0,(anonymous_5)
FNDA:0,(anonymous_6)
FNDA:0,(anonymous_7)
FNDA:0,(anonymous_8)
FNDA:0,(anonymous_9)
FNDA:0,(anonymous_10)
FNDA:0,(anonymous_11)
FNDA:0,(anonymous_12)
FNDA:0,(anonymous_13)
DA:4,0
DA:35,0
DA:38,0
DA:41,0
DA:42,0
DA:45,0
DA:46,0
DA:49,0
DA:50,0
DA:54,0
DA:55,0
DA:58,0
DA:67,0
DA:68,0
DA:76,0
DA:77,0
DA:80,0
DA:81,0
DA:83,0
DA:84,0
DA:98,0
DA:99,0
DA:102,0
DA:103,0
DA:106,0
DA:114,0
DA:115,0
DA:118,0
DA:119,0
DA:121,0
DA:122,0
DA:132,0
DA:145,0
DA:150,0
DA:153,0
DA:165,0
DA:166,0
DA:167,0
DA:168,0
DA:171,0
DA:173,0
DA:175,0
DA:176,0
DA:178,0
DA:179,0
DA:181,0
DA:182,0
DA:183,0
DA:185,0
DA:188,0
DA:189,0
DA:191,0
DA:197,0
DA:198,0
DA:200,0
DA:201,0
DA:203,0
DA:204,0
DA:206,0
DA:207,0
DA:209,0
DA:212,0
DA:214,0
DA:218,0
DA:220,0
DA:222,0
DA:223,0
DA:225,0
DA:226,0
DA:231,0
DA:232,0
DA:234,0
DA:237,0
DA:239,0
DA:245,0
DA:246,0
DA:247,0
DA:248,0
DA:251,0
LF:79
LH:0
BRDA:57,0,0,0
BRDA:76,1,0,0
BRDA:76,1,1,0
BRDA:102,2,0,0
BRDA:102,2,1,0
BRDA:114,3,0,0
BRDA:114,3,1,0
BRDA:171,4,0,0
BRDA:171,4,1,0
BRDA:181,5,0,0
BRDA:181,5,1,0
BRDA:188,6,0,0
BRDA:188,6,1,0
BRDA:198,7,0,0
BRDA:198,7,1,0
BRDA:206,8,0,0
BRDA:206,8,1,0
BRDA:212,9,0,0
BRDA:212,9,1,0
BRDA:220,10,0,0
BRDA:220,10,1,0
BRDA:231,11,0,0
BRDA:231,11,1,0
BRDA:237,12,0,0
BRDA:237,12,1,0
BRF:25
BRH:0
end_of_record
TN:
SF:src\main.tsx
FNF:0
FNH:0
DA:1,0
DA:2,0
DA:3,0
DA:4,0
DA:5,0
DA:6,0
DA:8,0
LF:7
LH:0
BRF:0
BRH:0
end_of_record
TN:
SF:src\admin\adminDashboardController.tsx
FN:15,AdminDashboardController
FN:20,(anonymous_2)
FN:36,(anonymous_3)
FN:41,(anonymous_4)
FN:45,(anonymous_5)
FN:49,(anonymous_6)
FN:60,(anonymous_7)
FNF:7
FNH:0
FNDA:0,AdminDashboardController
FNDA:0,(anonymous_2)
FNDA:0,(anonymous_3)
FNDA:0,(anonymous_4)
FNDA:0,(anonymous_5)
FNDA:0,(anonymous_6)
FNDA:0,(anonymous_7)
DA:2,0
DA:3,0
DA:4,0
DA:5,0
DA:6,0
DA:7,0
DA:15,0
DA:16,0
DA:19,0
DA:20,0
DA:22,0
DA:23,0
DA:26,0
DA:27,0
DA:28,0
DA:32,0
DA:36,0
DA:37,0
DA:41,0
DA:42,0
DA:45,0
DA:46,0
DA:49,0
DA:51,0
DA:54,0
DA:56,0
DA:60,0
DA:61,0
DA:63,0
DA:72,0
DA:75,0
DA:83,0
DA:91,0
DA:99,0
DA:106,0
DA:116,0
LF:36
LH:0
BRDA:23,0,0,0
BRDA:23,0,1,0
BRDA:27,1,0,0
BRDA:27,1,1,0
BRDA:49,2,0,0
BRDA:54,3,0,0
BRDA:54,3,1,0
BRDA:61,4,0,0
BRDA:61,4,1,0
BRDA:61,4,2,0
BRDA:61,4,3,0
BRDA:61,4,4,0
BRDA:61,4,5,0
BRDA:61,4,6,0
BRDA:126,5,0,0
BRDA:126,5,1,0
BRF:16
BRH:0
end_of_record
TN:
SF:src\admin\useDashboardData.ts
FN:51,(anonymous_0)
FN:56,(anonymous_1)
FN:86,(anonymous_2)
FN:90,(anonymous_3)
FNF:4
FNH:0
FNDA:0,(anonymous_0)
FNDA:0,(anonymous_1)
FNDA:0,(anonymous_2)
FNDA:0,(anonymous_3)
DA:1,0
DA:49,0
DA:51,0
DA:52,0
DA:53,0
DA:54,0
DA:56,0
DA:57,0
DA:58,0
DA:59,0
DA:61,0
DA:70,0
DA:71,0
DA:74,0
DA:75,0
DA:77,0
DA:80,0
DA:82,0
DA:86,0
DA:87,0
DA:90,0
DA:91,0
DA:94,0
LF:23
LH:0
BRDA:70,0,0,0
BRDA:70,0,1,0
BRDA:78,1,0,0
BRDA:78,1,1,0
BRF:4
BRH:0
end_of_record
TN:
SF:src\admin\Dashboard Light Mode\createChallenge.tsx
FN:40,CreateChallenge
FN:57,(anonymous_1)
FN:66,(anonymous_2)
FN:68,(anonymous_3)
FN:72,(anonymous_4)
FN:78,(anonymous_5)
FN:82,(anonymous_6)
FN:91,(anonymous_7)
FN:148,(anonymous_8)
FN:199,(anonymous_9)
FN:219,(anonymous_10)
FN:249,(anonymous_11)
FN:282,(anonymous_12)
FN:294,(anonymous_13)
FN:310,(anonymous_14)
FN:328,(anonymous_15)
FN:351,(anonymous_16)
FN:380,(anonymous_17)
FN:395,(anonymous_18)
FNF:19
FNH:0
FNDA:0,CreateChallenge
FNDA:0,(anonymous_1)
FNDA:0,(anonymous_2)
FNDA:0,(anonymous_3)
FNDA:0,(anonymous_4)
FNDA:0,(anonymous_5)
FNDA:0,(anonymous_6)
FNDA:0,(anonymous_7)
FNDA:0,(anonymous_8)
FNDA:0,(anonymous_9)
FNDA:0,(anonymous_10)
FNDA:0,(anonymous_11)
FNDA:0,(anonymous_12)
FNDA:0,(anonymous_13)
FNDA:0,(anonymous_14)
FNDA:0,(anonymous_15)
FNDA:0,(anonymous_16)
FNDA:0,(anonymous_17)
FNDA:0,(anonymous_18)
DA:3,0
DA:4,0
DA:5,0
DA:6,0
DA:7,0
DA:8,0
DA:9,0
DA:10,0
DA:17,0
DA:18,0
DA:32,0
DA:40,0
DA:41,0
DA:42,0
DA:43,0
DA:44,0
DA:45,0
DA:46,0
DA:50,0
DA:51,0
DA:52,0
DA:53,0
DA:57,0
DA:58,0
DA:63,0
DA:66,0
DA:67,0
DA:68,0
DA:72,0
DA:77,0
DA:78,0
DA:82,0
DA:83,0
DA:84,0
DA:87,0
DA:88,0
DA:91,0
DA:92,0
DA:93,0
DA:96,0
DA:97,0
DA:100,0
DA:148,0
DA:199,0
DA:219,0
DA:249,0
DA:283,0
DA:294,0
DA:311,0
DA:329,0
DA:351,0
DA:380,0
DA:395,0
LF:53
LH:0
BRDA:67,0,0,0
BRDA:67,0,1,0
BRDA:78,1,0,0
BRDA:78,1,1,0
BRDA:292,2,0,0
BRDA:292,2,1,0
BRF:6
BRH:0
end_of_record
TN:
SF:src\admin\Dashboard Light Mode\homeDashboard.tsx
FN:32,AdminDashboard
FN:42,(anonymous_1)
FN:48,(anonymous_2)
FN:54,(anonymous_3)
FN:163,(anonymous_4)
FN:177,(anonymous_5)
FN:288,(anonymous_6)
FN:387,(anonymous_7)
FN:400,(anonymous_8)
FN:415,(anonymous_9)
FN:490,(anonymous_10)
FNF:11
FNH:0
FNDA:0,AdminDashboard
FNDA:0,(anonymous_1)
FNDA:0,(anonymous_2)
FNDA:0,(anonymous_3)
FNDA:0,(anonymous_4)
FNDA:0,(anonymous_5)
FNDA:0,(anonymous_6)
FNDA:0,(anonymous_7)
FNDA:0,(anonymous_8)
FNDA:0,(anonymous_9)
FNDA:0,(anonymous_10)
DA:1,0
DA:2,0
DA:3,0
DA:4,0
DA:5,0
DA:23,0
DA:24,0
DA:32,0
DA:37,0
DA:38,0
DA:42,0
DA:43,0
DA:44,0
DA:48,0
DA:49,0
DA:50,0
DA:54,0
DA:55,0
DA:56,0
DA:61,0
DA:62,0
DA:76,0
DA:77,0
DA:94,0
DA:95,0
DA:99,0
DA:163,0
DA:164,0
DA:166,0
DA:168,0
DA:170,0
DA:172,0
DA:177,0
DA:178,0
DA:180,0
DA:186,0
DA:192,0
DA:198,0
DA:206,0
DA:289,0
DA:387,0
DA:400,0
DA:416,0
DA:419,0
DA:421,0
DA:491,0
LF:46
LH:0
BRDA:43,0,0,0
BRDA:43,0,1,0
BRDA:49,1,0,0
BRDA:49,1,1,0
BRDA:55,2,0,0
BRDA:55,2,1,0
BRDA:61,3,0,0
BRDA:61,3,1,0
BRDA:76,4,0,0
BRDA:76,4,1,0
BRDA:94,5,0,0
BRDA:94,5,1,0
BRDA:107,6,0,0
BRDA:107,6,1,0
BRDA:110,7,0,0
BRDA:110,7,1,0
BRDA:122,8,0,0
BRDA:122,8,1,0
BRDA:125,9,0,0
BRDA:125,9,1,0
BRDA:137,10,0,0
BRDA:137,10,1,0
BRDA:140,11,0,0
BRDA:140,11,1,0
BRDA:152,12,0,0
BRDA:152,12,1,0
BRDA:155,13,0,0
BRDA:155,13,1,0
BRDA:164,14,0,0
BRDA:164,14,1,0
BRDA:164,14,2,0
BRDA:164,14,3,0
BRDA:178,15,0,0
BRDA:178,15,1,0
BRDA:178,15,2,0
BRDA:178,15,3,0
BRDA:219,16,0,0
BRDA:219,16,1,0
BRDA:321,17,0,0
BRDA:321,17,1,0
BRDA:341,18,0,0
BRDA:341,18,1,0
BRDA:350,19,0,0
BRDA:350,19,1,0
BRDA:354,20,0,0
BRDA:354,20,1,0
BRDA:385,21,0,0
BRDA:385,21,1,0
BRDA:389,22,0,0
BRDA:389,22,1,0
BRDA:398,23,0,0
BRDA:398,23,1,0
BRDA:402,24,0,0
BRDA:402,24,1,0
BRDA:414,25,0,0
BRDA:414,25,1,0
BRDA:442,26,0,0
BRDA:442,26,1,0
BRDA:444,27,0,0
BRDA:444,27,1,0
BRDA:456,28,0,0
BRDA:456,28,1,0
BRDA:474,29,0,0
BRDA:474,29,1,0
BRDA:489,30,0,0
BRDA:489,30,1,0
BRDA:512,31,0,0
BRDA:512,31,1,0
BRDA:530,32,0,0
BRDA:530,32,1,0
BRF:70
BRH:0
end_of_record
TN:
SF:src\admin\Dashboard Light Mode\sidebar.tsx
FN:57,AdminSidebar
FN:63,(anonymous_1)
FN:67,(anonymous_2)
FN:112,(anonymous_3)
FN:118,(anonymous_4)
FNF:5
FNH:0
FNDA:0,AdminSidebar
FNDA:0,(anonymous_1)
FNDA:0,(anonymous_2)
FNDA:0,(anonymous_3)
FNDA:0,(anonymous_4)
DA:2,0
DA:3,0
DA:4,0
DA:17,0
DA:57,0
DA:63,0
DA:64,0
DA:67,0
DA:69,0
DA:72,0
DA:113,0
DA:114,0
DA:118,0
LF:13
LH:0
BRDA:76,0,0,0
BRDA:76,0,1,0
BRDA:85,1,0,0
BRDA:85,1,1,0
BRDA:101,2,0,0
BRDA:101,2,1,0
BRDA:121,3,0,0
BRDA:121,3,1,0
BRDA:124,4,0,0
BRDA:124,4,1,0
BRDA:130,5,0,0
BRDA:130,5,1,0
BRDA:142,6,0,0
BRDA:142,6,1,0
BRF:14
BRH:0
end_of_record
TN:
SF:src\components\challenge-preview-modal.tsx
FN:29,ChallengePreviewModal
FN:30,(anonymous_1)
FN:132,(anonymous_2)
FNF:3
FNH:0
FNDA:0,ChallengePreviewModal
FNDA:0,(anonymous_1)
FNDA:0,(anonymous_2)
DA:3,0
DA:4,0
DA:5,0
DA:6,0
DA:7,0
DA:8,0
DA:29,0
DA:30,0
DA:31,0
DA:33,0
DA:35,0
DA:37,0
DA:39,0
DA:43,0
DA:133,0
LF:15
LH:0
BRDA:31,0,0,0
BRDA:31,0,1,0
BRDA:31,0,2,0
BRDA:31,0,3,0
BRDA:65,1,0,0
BRDA:65,1,1,0
BRDA:66,2,0,0
BRDA:66,2,1,0
BRDA:72,3,0,0
BRDA:72,3,1,0
BRDA:75,4,0,0
BRDA:75,4,1,0
BRDA:108,5,0,0
BRDA:108,5,1,0
BRDA:130,6,0,0
BRDA:130,6,1,0
BRDA:146,7,0,0
BRDA:146,7,1,0
BRDA:152,8,0,0
BRDA:152,8,1,0
BRF:20
BRH:0
end_of_record
TN:
SF:src\components\success-notification.tsx
FN:15,SuccessNotification
FN:16,(anonymous_1)
FN:18,(anonymous_2)
FN:21,(anonymous_3)
FNF:4
FNH:0
FNDA:0,SuccessNotification
FNDA:0,(anonymous_1)
FNDA:0,(anonymous_2)
FNDA:0,(anonymous_3)
DA:3,0
DA:4,0
DA:5,0
DA:6,0
DA:15,0
DA:16,0
DA:17,0
DA:18,0
DA:19,0
DA:21,0
DA:25,0
DA:27,0
LF:12
LH:0
BRDA:15,0,0,0
BRDA:17,1,0,0
BRDA:17,1,1,0
BRDA:25,2,0,0
BRDA:25,2,1,0
BRDA:32,3,0,0
BRDA:32,3,1,0
BRDA:40,4,0,0
BRDA:40,4,1,0
BRF:9
BRH:0
end_of_record
TN:
SF:src\components\ui\badge.tsx
FN:30,Badge
FNF:1
FNH:0
FNDA:0,Badge
DA:1,0
DA:2,0
DA:4,0
DA:6,0
DA:31,0
DA:36,0
LF:6
LH:0
BRF:0
BRH:0
end_of_record
TN:
SF:src\components\ui\button.tsx
FN:44,(anonymous_9)
FNF:1
FNH:0
FNDA:0,(anonymous_9)
DA:1,0
DA:2,0
DA:3,0
DA:5,0
DA:7,0
DA:43,0
DA:45,0
DA:46,0
DA:55,0
DA:57,0
LF:10
LH:0
BRDA:44,0,0,0
BRDA:45,1,0,0
BRDA:45,1,1,0
BRF:3
BRH:0
end_of_record
TN:
SF:src\components\ui\card.tsx
FN:8,(anonymous_9)
FN:23,(anonymous_10)
FN:35,(anonymous_11)
FN:47,(anonymous_12)
FN:59,(anonymous_13)
FN:67,(anonymous_14)
FNF:6
FNH:0
FNDA:0,(anonymous_9)
FNDA:0,(anonymous_10)
FNDA:0,(anonymous_11)
FNDA:0,(anonymous_12)
FNDA:0,(anonymous_13)
FNDA:0,(anonymous_14)
DA:1,0
DA:3,0
DA:5,0
DA:9,0
DA:18,0
DA:20,0
DA:24,0
DA:30,0
DA:32,0
DA:36,0
DA:42,0
DA:44,0
DA:48,0
DA:54,0
DA:56,0
DA:60,0
DA:62,0
DA:64,0
DA:68,0
DA:74,0
DA:76,0
LF:21
LH:0
BRF:0
BRH:0
end_of_record
TN:
SF:src\components\ui\checkbox.tsx
FN:10,(anonymous_9)
FNF:1
FNH:0
FNDA:0,(anonymous_9)
DA:1,0
DA:2,0
DA:3,0
DA:5,0
DA:7,0
DA:11,0
DA:26,0
DA:28,0
LF:8
LH:0
BRF:0
BRH:0
end_of_record
TN:
SF:src\components\ui\dialog.tsx
FN:18,(anonymous_9)
FN:33,(anonymous_10)
FN:54,(anonymous_11)
FN:68,(anonymous_12)
FN:85,(anonymous_13)
FN:100,(anonymous_14)
FNF:6
FNH:0
FNDA:0,(anonymous_9)
FNDA:0,(anonymous_10)
FNDA:0,(anonymous_11)
FNDA:0,(anonymous_12)
FNDA:0,(anonymous_13)
FNDA:0,(anonymous_14)
DA:1,0
DA:2,0
DA:3,0
DA:5,0
DA:7,0
DA:9,0
DA:11,0
DA:13,0
DA:15,0
DA:19,0
DA:28,0
DA:30,0
DA:34,0
DA:52,0
DA:54,0
DA:58,0
DA:66,0
DA:68,0
DA:72,0
DA:80,0
DA:82,0
DA:86,0
DA:95,0
DA:97,0
DA:101,0
DA:107,0
DA:110,0
DA:111,0
DA:112,0
DA:113,0
DA:114,0
DA:115,0
DA:116,0
DA:117,0
DA:118,0
DA:119,0
LF:36
LH:0
BRF:0
BRH:0
end_of_record
TN:
SF:src\components\ui\input.tsx
FN:6,(anonymous_9)
FNF:1
FNH:0
FNDA:0,(anonymous_9)
DA:1,0
DA:3,0
DA:5,0
DA:7,0
DA:20,0
DA:22,0
LF:6
LH:0
BRF:0
BRH:0
end_of_record
TN:
SF:src\components\ui\label.tsx
FN:15,(anonymous_9)
FNF:1
FNH:0
FNDA:0,(anonymous_9)
DA:1,0
DA:2,0
DA:3,0
DA:5,0
DA:7,0
DA:11,0
DA:16,0
DA:22,0
DA:24,0
LF:9
LH:0
BRF:0
BRH:0
end_of_record
TN:
SF:src\components\ui\progress.tsx
FN:9,(anonymous_9)
FNF:1
FNH:0
FNDA:0,(anonymous_9)
DA:1,0
DA:2,0
DA:4,0
DA:6,0
DA:10,0
DA:24,0
DA:26,0
LF:7
LH:0
BRDA:20,0,0,0
BRDA:20,0,1,0
BRF:2
BRH:0
end_of_record
TN:
SF:src\components\ui\scroll-area.tsx
FN:9,(anonymous_9)
FN:27,(anonymous_10)
FNF:2
FNH:0
FNDA:0,(anonymous_9)
FNDA:0,(anonymous_10)
DA:1,0
DA:2,0
DA:4,0
DA:6,0
DA:10,0
DA:22,0
DA:24,0
DA:28,0
DA:44,0
DA:46,0
LF:10
LH:0
BRDA:27,0,0,0
BRDA:33,1,0,0
BRDA:33,1,1,0
BRDA:35,2,0,0
BRDA:35,2,1,0
BRF:5
BRH:0
end_of_record
TN:
SF:src\components\ui\select.tsx
FN:16,(anonymous_9)
FN:36,(anonymous_10)
FN:53,(anonymous_11)
FN:71,(anonymous_12)
FN:103,(anonymous_13)
FN:115,(anonymous_14)
FN:137,(anonymous_15)
FNF:7
FNH:0
FNDA:0,(anonymous_9)
FNDA:0,(anonymous_10)
FNDA:0,(anonymous_11)
FNDA:0,(anonymous_12)
FNDA:0,(anonymous_13)
FNDA:0,(anonymous_14)
FNDA:0,(anonymous_15)
DA:1,0
DA:2,0
DA:3,0
DA:5,0
DA:7,0
DA:9,0
DA:11,0
DA:13,0
DA:17,0
DA:31,0
DA:33,0
DA:37,0
DA:48,0
DA:50,0
DA:54,0
DA:65,0
DA:68,0
DA:72,0
DA:98,0
DA:100,0
DA:104,0
DA:110,0
DA:112,0
DA:116,0
DA:132,0
DA:134,0
DA:138,0
DA:144,0
DA:147,0
DA:148,0
DA:149,0
DA:150,0
DA:151,0
DA:152,0
DA:153,0
DA:154,0
DA:155,0
DA:156,0
LF:38
LH:0
BRDA:71,0,0,0
BRDA:77,1,0,0
BRDA:77,1,1,0
BRDA:88,2,0,0
BRDA:88,2,1,0
BRF:5
BRH:0
end_of_record
TN:
SF:src\components\ui\separator.tsx
FN:10,(anonymous_9)
FNF:1
FNH:0
FNDA:0,(anonymous_9)
DA:1,0
DA:2,0
DA:4,0
DA:6,0
DA:14,0
DA:27,0
DA:29,0
LF:7
LH:0
BRDA:11,0,0,0
BRDA:11,1,0,0
BRDA:20,2,0,0
BRDA:20,2,1,0
BRF:4
BRH:0
end_of_record
TN:
SF:src\components\ui\switch.tsx
FN:9,(anonymous_9)
FNF:1
FNH:0
FNDA:0,(anonymous_9)
DA:1,0
DA:2,0
DA:4,0
DA:6,0
DA:10,0
DA:25,0
DA:27,0
LF:7
LH:0
BRF:0
BRH:0
end_of_record
TN:
SF:src\components\ui\tabs.tsx
FN:11,(anonymous_9)
FN:26,(anonymous_10)
FN:41,(anonymous_11)
FNF:3
FNH:0
FNDA:0,(anonymous_9)
FNDA:0,(anonymous_10)
FNDA:0,(anonymous_11)
DA:1,0
DA:2,0
DA:4,0
DA:6,0
DA:8,0
DA:12,0
DA:21,0
DA:23,0
DA:27,0
DA:36,0
DA:38,0
DA:42,0
DA:51,0
DA:53,0
LF:14
LH:0
BRF:0
BRH:0
end_of_record
TN:
SF:src\components\ui\textarea.tsx
FN:8,(anonymous_9)
FNF:1
FNH:0
FNDA:0,(anonymous_9)
DA:1,0
DA:3,0
DA:5,0
DA:9,0
DA:20,0
DA:22,0
LF:6
LH:0
BRF:0
BRH:0
end_of_record
TN:
SF:src\context\AuthContext.tsx
FN:7,(anonymous_0)
FN:12,(anonymous_1)
FN:51,(anonymous_2)
FN:73,(anonymous_3)
FN:75,(anonymous_4)
FN:83,(anonymous_5)
FN:88,(anonymous_6)
FN:92,(anonymous_7)
FN:107,(anonymous_8)
FN:128,(anonymous_9)
FN:173,(anonymous_10)
FNF:11
FNH:0
FNDA:0,(anonymous_0)
FNDA:0,(anonymous_1)
FNDA:0,(anonymous_2)
FNDA:0,(anonymous_3)
FNDA:0,(anonymous_4)
FNDA:0,(anonymous_5)
FNDA:0,(anonymous_6)
FNDA:0,(anonymous_7)
FNDA:0,(anonymous_8)
FNDA:0,(anonymous_9)
FNDA:0,(anonymous_10)
DA:2,0
DA:3,0
DA:5,0
DA:7,0
DA:8,0
DA:9,0
DA:12,0
DA:13,0
DA:14,0
DA:15,0
DA:16,0
DA:19,0
DA:30,0
DA:31,0
DA:32,0
DA:36,0
DA:37,0
DA:41,0
DA:43,0
DA:44,0
DA:46,0
DA:51,0
DA:52,0
DA:53,0
DA:54,0
DA:59,0
DA:60,0
DA:61,0
DA:63,0
DA:64,0
DA:66,0
DA:67,0
DA:69,0
DA:73,0
DA:75,0
DA:76,0
DA:77,0
DA:83,0
DA:84,0
DA:85,0
DA:88,0
DA:92,0
DA:93,0
DA:94,0
DA:95,0
DA:96,0
DA:97,0
DA:99,0
DA:101,0
DA:102,0
DA:107,0
DA:108,0
DA:109,0
DA:115,0
DA:116,0
DA:117,0
DA:120,0
DA:122,0
DA:123,0
DA:128,0
DA:129,0
DA:131,0
DA:132,0
DA:133,0
DA:134,0
DA:135,0
DA:137,0
DA:144,0
DA:145,0
DA:146,0
DA:149,0
DA:151,0
DA:152,0
DA:156,0
DA:173,0
DA:174,0
LF:76
LH:0
BRDA:12,0,0,0
BRDA:30,1,0,0
BRDA:30,1,1,0
BRDA:36,2,0,0
BRDA:36,2,1,0
BRDA:59,3,0,0
BRDA:59,3,1,0
BRDA:95,4,0,0
BRDA:95,4,1,0
BRDA:115,5,0,0
BRDA:115,5,1,0
BRDA:132,6,0,0
BRDA:132,6,1,0
BRDA:134,7,0,0
BRDA:134,7,1,0
BRDA:144,8,0,0
BRDA:144,8,1,0
BRF:17
BRH:0
end_of_record
TN:
SF:src\context\LanguageContext.tsx
FN:15,(anonymous_9)
FN:27,(anonymous_10)
FN:36,(anonymous_11)
FN:37,(anonymous_12)
FN:72,(anonymous_13)
FN:73,(anonymous_14)
FN:89,(anonymous_15)
FN:94,(anonymous_16)
FNF:8
FNH:0
FNDA:0,(anonymous_9)
FNDA:0,(anonymous_10)
FNDA:0,(anonymous_11)
FNDA:0,(anonymous_12)
FNDA:0,(anonymous_13)
FNDA:0,(anonymous_14)
FNDA:0,(anonymous_15)
FNDA:0,(anonymous_16)
DA:1,0
DA:2,0
DA:11,0
DA:15,0
DA:16,0
DA:17,0
DA:18,0
DA:20,0
DA:27,0
DA:30,0
DA:31,0
DA:32,0
DA:33,0
DA:36,0
DA:37,0
DA:38,0
DA:39,0
DA:40,0
DA:41,0
DA:42,0
DA:43,0
DA:44,0
DA:47,0
DA:48,0
DA:51,0
DA:52,0
DA:54,0
DA:55,0
DA:56,0
DA:58,0
DA:61,0
DA:66,0
DA:67,0
DA:72,0
DA:73,0
DA:74,0
DA:75,0
DA:78,0
DA:79,0
DA:80,0
DA:82,0
DA:83,0
DA:87,0
DA:89,0
DA:90,0
DA:94,0
DA:95,0
DA:96,0
DA:97,0
DA:98,0
DA:99,0
DA:101,0
DA:102,0
DA:104,0
DA:105,0
DA:106,0
DA:110,0
DA:117,0
DA:118,0
DA:129,0
LF:60
LH:0
BRDA:17,0,0,0
BRDA:17,0,1,0
BRDA:41,1,0,0
BRDA:41,1,1,0
BRDA:43,2,0,0
BRDA:43,2,1,0
BRDA:66,3,0,0
BRDA:66,3,1,0
BRDA:74,4,0,0
BRDA:74,4,1,0
BRDA:98,5,0,0
BRDA:98,5,1,0
BRDA:105,6,0,0
BRDA:105,6,1,0
BRDA:117,7,0,0
BRDA:117,7,1,0
BRDA:123,8,0,0
BRDA:123,8,1,0
BRF:18
BRH:0
end_of_record
TN:
SF:src\languages\IsiPythonTranslator.ts
FN:68,(anonymous_0)
FN:77,escapeRegExp
FN:88,translateIsiPythonToPython
FN:98,(anonymous_3)
FN:118,translatePythonToIsiPython
FN:128,(anonymous_5)
FN:144,containsIsiPythonKeywords
FN:164,containsPythonKeywords
FN:187,autoTranslate
FN:234,getIsiPythonKeywords
FN:241,getPythonKeywords
FN:248,getPythonEquivalent
FN:255,getIsiPythonEquivalent
FN:262,translateLines
FN:263,(anonymous_14)
FN:269,translatePythonLines
FN:270,(anonymous_16)
FN:276,getTranslationMaps
FNF:18
FNH:0
FNDA:0,(anonymous_0)
FNDA:0,escapeRegExp
FNDA:0,translateIsiPythonToPython
FNDA:0,(anonymous_3)
FNDA:0,translatePythonToIsiPython
FNDA:0,(anonymous_5)
FNDA:0,containsIsiPythonKeywords
FNDA:0,containsPythonKeywords
FNDA:0,autoTranslate
FNDA:0,getIsiPythonKeywords
FNDA:0,getPythonKeywords
FNDA:0,getPythonEquivalent
FNDA:0,getIsiPythonEquivalent
FNDA:0,translateLines
FNDA:0,(anonymous_14)
FNDA:0,translatePythonLines
FNDA:0,(anonymous_16)
FNDA:0,getTranslationMaps
DA:7,0
DA:67,0
DA:68,0
DA:78,0
DA:88,0
DA:89,0
DA:90,0
DA:93,0
DA:97,0
DA:98,0
DA:102,0
DA:104,0
DA:105,0
DA:108,0
DA:118,0
DA:119,0
DA:120,0
DA:123,0
DA:127,0
DA:128,0
DA:132,0
DA:134,0
DA:135,0
DA:138,0
DA:144,0
DA:145,0
DA:146,0
DA:149,0
DA:151,0
DA:152,0
DA:153,0
DA:154,0
DA:158,0
DA:164,0
DA:165,0
DA:166,0
DA:169,0
DA:171,0
DA:172,0
DA:173,0
DA:174,0
DA:178,0
DA:187,0
DA:192,0
DA:193,0
DA:200,0
DA:201,0
DA:203,0
DA:204,0
DA:209,0
DA:210,0
DA:215,0
DA:217,0
DA:223,0
DA:234,0
DA:235,0
DA:241,0
DA:242,0
DA:248,0
DA:249,0
DA:255,0
DA:256,0
DA:262,0
DA:263,0
DA:269,0
DA:270,0
DA:276,0
DA:280,0
DA:287,0
LF:69
LH:0
BRDA:89,0,0,0
BRDA:89,0,1,0
BRDA:89,1,0,0
BRDA:89,1,1,0
BRDA:119,2,0,0
BRDA:119,2,1,0
BRDA:119,3,0,0
BRDA:119,3,1,0
BRDA:145,4,0,0
BRDA:145,4,1,0
BRDA:145,5,0,0
BRDA:145,5,1,0
BRDA:153,6,0,0
BRDA:153,6,1,0
BRDA:165,7,0,0
BRDA:165,7,1,0
BRDA:165,8,0,0
BRDA:165,8,1,0
BRDA:173,9,0,0
BRDA:173,9,1,0
BRDA:192,10,0,0
BRDA:192,10,1,0
BRDA:192,11,0,0
BRDA:192,11,1,0
BRDA:203,12,0,0
BRDA:203,12,1,0
BRDA:203,13,0,0
BRDA:203,13,1,0
BRDA:209,14,0,0
BRDA:209,14,1,0
BRDA:209,15,0,0
BRDA:209,15,1,0
BRDA:215,16,0,0
BRDA:215,16,1,0
BRDA:215,17,0,0
BRDA:215,17,1,0
BRDA:249,18,0,0
BRDA:249,18,1,0
BRDA:256,19,0,0
BRDA:256,19,1,0
BRF:40
BRH:0
end_of_record
TN:
SF:src\languages\isiPython.tsx
FN:3,(anonymous_0)
FN:134,(anonymous_1)
FN:500,extractUserDefinitions
FN:504,(anonymous_3)
FN:538,(anonymous_4)
FN:539,(anonymous_5)
FN:543,isKeyword
FN:578,(anonymous_7)
FN:578,(anonymous_8)
FN:583,(anonymous_9)
FN:588,(anonymous_10)
FN:602,(anonymous_11)
FN:608,(anonymous_12)
FN:610,(anonymous_13)
FN:619,checkIsiPythonSyntax
FN:638,(anonymous_15)
FN:732,(anonymous_16)
FN:751,getPythonToIsiXhosaMapping
FNF:18
FNH:14
FNDA:27,(anonymous_0)
FNDA:7,(anonymous_1)
FNDA:7,extractUserDefinitions
FNDA:18,(anonymous_3)
FNDA:6,(anonymous_4)
FNDA:10,(anonymous_5)
FNDA:4,isKeyword
FNDA:0,(anonymous_7)
FNDA:0,(anonymous_8)
FNDA:11,(anonymous_9)
FNDA:5,(anonymous_10)
FNDA:11,(anonymous_11)
FNDA:0,(anonymous_12)
FNDA:0,(anonymous_13)
FNDA:11,checkIsiPythonSyntax
FNDA:2030,(anonymous_15)
FNDA:18243,(anonymous_16)
FNDA:2,getPythonToIsiXhosaMapping
DA:3,1
DA:4,27
DA:6,27
DA:80,27
DA:98,27
DA:133,27
DA:136,7
DA:143,7
DA:146,7
DA:149,7
DA:493,7
DA:495,7
DA:501,7
DA:502,7
DA:504,7
DA:506,18
DA:507,18
DA:508,3
DA:520,18
DA:521,18
DA:522,4
DA:524,4
DA:525,3
DA:537,7
DA:539,10
DA:544,4
DA:573,4
DA:577,27
DA:578,0
DA:583,27
DA:584,11
DA:585,11
DA:588,11
DA:598,11
DA:602,27
DA:603,11
DA:605,11
DA:608,11
DA:609,0
DA:610,0
DA:620,11
DA:621,11
DA:624,11
DA:625,11
DA:628,11
DA:638,11
DA:639,2030
DA:640,2030
DA:642,2030
DA:647,2027
DA:648,4
DA:649,1
DA:658,2027
DA:659,0
DA:667,2027
DA:668,1003
DA:669,1
DA:678,2027
DA:679,0
DA:680,0
DA:689,2027
DA:690,2027
DA:691,2027
DA:692,1
DA:700,2027
DA:701,2018
DA:702,2018
DA:704,2018
DA:705,1004
DA:711,0
DA:721,2027
DA:732,2027
DA:733,18243
DA:735,18243
DA:736,2
DA:737,2
DA:747,11
DA:752,2
DA:766,2
DA:768,1
LF:80
LH:73
BRDA:507,0,0,3
BRDA:507,0,1,15
BRDA:521,1,0,4
BRDA:521,1,1,14
BRDA:524,2,0,3
BRDA:524,2,1,1
BRDA:593,3,0,5
BRDA:593,3,1,3
BRDA:603,4,0,11
BRDA:603,4,1,0
BRDA:642,5,0,3
BRDA:642,5,1,2027
BRDA:647,6,0,4
BRDA:647,6,1,2023
BRDA:648,7,0,1
BRDA:648,7,1,3
BRDA:658,8,0,0
BRDA:658,8,1,2027
BRDA:658,9,0,2027
BRDA:658,9,1,0
BRDA:667,10,0,1003
BRDA:667,10,1,1024
BRDA:668,11,0,1
BRDA:668,11,1,1002
BRDA:678,12,0,0
BRDA:678,12,1,2027
BRDA:679,13,0,0
BRDA:679,13,1,0
BRDA:689,14,0,2027
BRDA:689,14,1,15
BRDA:690,15,0,2027
BRDA:690,15,1,16
BRDA:691,16,0,1
BRDA:691,16,1,2026
BRDA:700,17,0,2018
BRDA:700,17,1,9
BRDA:704,18,0,1004
BRDA:704,18,1,1014
BRDA:705,19,0,0
BRDA:705,19,1,1004
BRDA:706,20,0,1004
BRDA:706,20,1,1004
BRDA:706,20,2,1004
BRDA:706,20,3,0
BRDA:766,21,0,2
BRDA:766,21,1,0
BRF:46
BRH:37
end_of_record
TN:
SF:src\lib\utils.ts
FN:4,cn
FNF:1
FNH:0
FNDA:0,cn
DA:1,0
DA:2,0
DA:4,0
DA:5,0
LF:4
LH:0
BRF:0
BRH:0
end_of_record
TN:
SF:src\pages\dashboardController.tsx
FN:13,DashboardLightPage
FN:18,(anonymous_2)
FN:33,(anonymous_3)
FN:46,(anonymous_4)
FN:51,(anonymous_5)
FN:55,(anonymous_6)
FN:59,(anonymous_7)
FN:71,(anonymous_8)
FN:89,(anonymous_9)
FNF:9
FNH:0
FNDA:0,DashboardLightPage
FNDA:0,(anonymous_2)
FNDA:0,(anonymous_3)
FNDA:0,(anonymous_4)
FNDA:0,(anonymous_5)
FNDA:0,(anonymous_6)
FNDA:0,(anonymous_7)
FNDA:0,(anonymous_8)
FNDA:0,(anonymous_9)
DA:2,0
DA:3,0
DA:4,0
DA:5,0
DA:6,0
DA:7,0
DA:8,0
DA:9,0
DA:10,0
DA:11,0
DA:12,0
DA:13,0
DA:14,0
DA:17,0
DA:18,0
DA:20,0
DA:21,0
DA:24,0
DA:25,0
DA:26,0
DA:30,0
DA:33,0
DA:35,0
DA:36,0
DA:46,0
DA:47,0
DA:51,0
DA:52,0
DA:55,0
DA:56,0
DA:59,0
DA:61,0
DA:63,0
DA:64,0
DA:65,0
DA:71,0
DA:72,0
DA:74,0
DA:82,0
DA:83,0
DA:89,0
DA:93,0
DA:95,0
DA:97,0
DA:99,0
DA:101,0
DA:103,0
DA:113,0
LF:48
LH:0
BRDA:21,0,0,0
BRDA:21,0,1,0
BRDA:25,1,0,0
BRDA:25,1,1,0
BRDA:36,2,0,0
BRDA:36,2,1,0
BRDA:40,3,0,0
BRDA:40,3,1,0
BRDA:59,4,0,0
BRDA:63,5,0,0
BRDA:63,5,1,0
BRDA:63,6,0,0
BRDA:63,6,1,0
BRDA:65,7,0,0
BRDA:65,7,1,0
BRDA:65,8,0,0
BRDA:65,8,1,0
BRDA:72,9,0,0
BRDA:72,9,1,0
BRDA:72,9,2,0
BRDA:72,9,3,0
BRDA:72,9,4,0
BRDA:72,9,5,0
BRDA:72,9,6,0
BRDA:72,9,7,0
BRF:25
BRH:0
end_of_record
TN:
SF:src\pages\file-import.tsx
FN:36,FileImport
FN:46,(anonymous_1)
FN:56,(anonymous_2)
FN:74,(anonymous_3)
FN:91,(anonymous_4)
FN:128,(anonymous_5)
FN:135,(anonymous_6)
FN:136,(anonymous_7)
FN:138,(anonymous_8)
FN:139,(anonymous_9)
FN:144,(anonymous_10)
FN:154,(anonymous_11)
FN:164,(anonymous_12)
FN:170,(anonymous_13)
FN:174,(anonymous_14)
FN:175,(anonymous_15)
FN:230,(anonymous_16)
FN:254,(anonymous_17)
FN:297,(anonymous_18)
FN:328,(anonymous_19)
FN:334,(anonymous_20)
FNF:21
FNH:0
FNDA:0,FileImport
FNDA:0,(anonymous_1)
FNDA:0,(anonymous_2)
FNDA:0,(anonymous_3)
FNDA:0,(anonymous_4)
FNDA:0,(anonymous_5)
FNDA:0,(anonymous_6)
FNDA:0,(anonymous_7)
FNDA:0,(anonymous_8)
FNDA:0,(anonymous_9)
FNDA:0,(anonymous_10)
FNDA:0,(anonymous_11)
FNDA:0,(anonymous_12)
FNDA:0,(anonymous_13)
FNDA:0,(anonymous_14)
FNDA:0,(anonymous_15)
FNDA:0,(anonymous_16)
FNDA:0,(anonymous_17)
FNDA:0,(anonymous_18)
FNDA:0,(anonymous_19)
FNDA:0,(anonymous_20)
DA:5,0
DA:6,0
DA:7,0
DA:8,0
DA:9,0
DA:20,0
DA:21,0
DA:36,0
DA:37,0
DA:38,0
DA:39,0
DA:40,0
DA:41,0
DA:43,0
DA:44,0
DA:46,0
DA:47,0
DA:48,0
DA:49,0
DA:50,0
DA:51,0
DA:56,0
DA:57,0
DA:58,0
DA:60,0
DA:62,0
DA:65,0
DA:68,0
DA:70,0
DA:74,0
DA:76,0
DA:77,0
DA:81,0
DA:82,0
DA:83,0
DA:88,0
DA:91,0
DA:92,0
DA:93,0
DA:95,0
DA:98,0
DA:99,0
DA:101,0
DA:102,0
DA:103,0
DA:104,0
DA:107,0
DA:108,0
DA:110,0
DA:111,0
DA:114,0
DA:122,0
DA:124,0
DA:128,0
DA:129,0
DA:130,0
DA:131,0
DA:135,0
DA:136,0
DA:137,0
DA:138,0
DA:139,0
DA:140,0
DA:144,0
DA:145,0
DA:146,0
DA:147,0
DA:148,0
DA:149,0
DA:150,0
DA:154,0
DA:155,0
DA:156,0
DA:157,0
DA:159,0
DA:160,0
DA:164,0
DA:165,0
DA:166,0
DA:170,0
DA:171,0
DA:174,0
DA:175,0
DA:178,0
DA:230,0
DA:255,0
DA:298,0
DA:328,0
DA:334,0
LF:89
LH:0
BRDA:47,0,0,0
BRDA:47,0,1,0
BRDA:58,1,0,0
BRDA:58,1,1,0
BRDA:58,1,2,0
BRDA:58,1,3,0
BRDA:58,1,4,0
BRDA:58,1,5,0
BRDA:58,1,6,0
BRDA:76,2,0,0
BRDA:76,2,1,0
BRDA:82,3,0,0
BRDA:82,3,1,0
BRDA:101,4,0,0
BRDA:101,4,1,0
BRDA:110,5,0,0
BRDA:110,5,1,0
BRDA:117,6,0,0
BRDA:117,6,1,0
BRDA:147,7,0,0
BRDA:147,7,1,0
BRDA:147,8,0,0
BRDA:147,8,1,0
BRDA:149,9,0,0
BRDA:149,9,1,0
BRDA:159,10,0,0
BRDA:159,10,1,0
BRDA:159,11,0,0
BRDA:159,11,1,0
BRDA:165,12,0,0
BRDA:165,12,1,0
BRDA:165,13,0,0
BRDA:165,13,1,0
BRDA:211,14,0,0
BRDA:211,14,1,0
BRDA:226,15,0,0
BRDA:226,15,1,0
BRDA:270,16,0,0
BRDA:270,16,1,0
BRDA:290,17,0,0
BRDA:290,17,1,0
BRDA:309,18,0,0
BRDA:309,18,1,0
BRDA:351,19,0,0
BRDA:351,19,1,0
BRDA:351,19,2,0
BRF:46
BRH:0
end_of_record
TN:
SF:src\pages\homepage-light.tsx
FN:22,HomepageLight
FN:108,(anonymous_1)
FN:239,(anonymous_2)
FN:249,(anonymous_3)
FN:286,(anonymous_4)
FNF:5
FNH:0
FNDA:0,HomepageLight
FNDA:0,(anonymous_1)
FNDA:0,(anonymous_2)
FNDA:0,(anonymous_3)
FNDA:0,(anonymous_4)
DA:3,0
DA:4,0
DA:5,0
DA:6,0
DA:18,0
DA:19,0
DA:20,0
DA:22,0
DA:23,0
DA:24,0
DA:26,0
DA:37,0
DA:39,0
DA:63,0
DA:108,0
DA:240,0
DA:241,0
DA:249,0
DA:287,0
LF:19
LH:0
BRDA:245,0,0,0
BRDA:245,0,1,0
BRF:2
BRH:0
end_of_record
TN:
SF:src\pages\login-light.tsx
FN:38,LoginLight
FN:59,(anonymous_1)
FN:65,(anonymous_2)
FN:69,(anonymous_3)
FN:72,(anonymous_4)
FN:80,(anonymous_5)
FN:99,(anonymous_6)
FN:123,(anonymous_7)
FN:129,(anonymous_8)
FN:172,(anonymous_9)
FN:242,(anonymous_10)
FN:255,(anonymous_11)
FN:270,(anonymous_12)
FN:299,(anonymous_13)
FN:328,(anonymous_14)
FN:350,(anonymous_15)
FN:475,(anonymous_16)
FN:504,(anonymous_17)
FN:529,(anonymous_18)
FN:541,(anonymous_19)
FN:552,(anonymous_20)
FN:593,(anonymous_21)
FNF:22
FNH:0
FNDA:0,LoginLight
FNDA:0,(anonymous_1)
FNDA:0,(anonymous_2)
FNDA:0,(anonymous_3)
FNDA:0,(anonymous_4)
FNDA:0,(anonymous_5)
FNDA:0,(anonymous_6)
FNDA:0,(anonymous_7)
FNDA:0,(anonymous_8)
FNDA:0,(anonymous_9)
FNDA:0,(anonymous_10)
FNDA:0,(anonymous_11)
FNDA:0,(anonymous_12)
FNDA:0,(anonymous_13)
FNDA:0,(anonymous_14)
FNDA:0,(anonymous_15)
FNDA:0,(anonymous_16)
FNDA:0,(anonymous_17)
FNDA:0,(anonymous_18)
FNDA:0,(anonymous_19)
FNDA:0,(anonymous_20)
FNDA:0,(anonymous_21)
DA:3,0
DA:4,0
DA:5,0
DA:6,0
DA:7,0
DA:8,0
DA:9,0
DA:28,0
DA:29,0
DA:30,0
DA:38,0
DA:39,0
DA:45,0
DA:47,0
DA:48,0
DA:49,0
DA:50,0
DA:51,0
DA:52,0
DA:53,0
DA:55,0
DA:56,0
DA:59,0
DA:60,0
DA:61,0
DA:65,0
DA:69,0
DA:71,0
DA:72,0
DA:75,0
DA:76,0
DA:80,0
DA:81,0
DA:83,0
DA:84,0
DA:85,0
DA:86,0
DA:89,0
DA:90,0
DA:91,0
DA:92,0
DA:95,0
DA:96,0
DA:99,0
DA:100,0
DA:101,0
DA:103,0
DA:104,0
DA:106,0
DA:107,0
DA:109,0
DA:110,0
DA:111,0
DA:113,0
DA:116,0
DA:117,0
DA:119,0
DA:123,0
DA:124,0
DA:126,0
DA:129,0
DA:130,0
DA:131,0
DA:132,0
DA:135,0
DA:136,0
DA:137,0
DA:140,0
DA:141,0
DA:143,0
DA:144,0
DA:146,0
DA:147,0
DA:148,0
DA:150,0
DA:153,0
DA:154,0
DA:156,0
DA:160,0
DA:161,0
DA:173,0
DA:174,0
DA:175,0
DA:243,0
DA:244,0
DA:245,0
DA:256,0
DA:257,0
DA:270,0
DA:300,0
DA:301,0
DA:317,0
DA:328,0
DA:350,0
DA:475,0
DA:505,0
DA:529,0
DA:542,0
DA:552,0
DA:593,0
LF:100
LH:0
BRDA:60,0,0,0
BRDA:60,0,1,0
BRDA:71,1,0,0
BRDA:71,1,1,0
BRDA:75,2,0,0
BRDA:75,2,1,0
BRDA:83,3,0,0
BRDA:83,3,1,0
BRDA:85,4,0,0
BRDA:85,4,1,0
BRDA:89,5,0,0
BRDA:89,5,1,0
BRDA:91,6,0,0
BRDA:91,6,1,0
BRDA:101,7,0,0
BRDA:101,7,1,0
BRDA:109,8,0,0
BRDA:109,8,1,0
BRDA:113,9,0,0
BRDA:113,9,1,0
BRDA:130,10,0,0
BRDA:130,10,1,0
BRDA:135,11,0,0
BRDA:135,11,1,0
BRDA:146,12,0,0
BRDA:146,12,1,0
BRDA:150,13,0,0
BRDA:150,13,1,0
BRDA:160,14,0,0
BRDA:160,14,1,0
BRDA:211,15,0,0
BRDA:211,15,1,0
BRDA:218,16,0,0
BRDA:218,16,1,0
BRDA:227,17,0,0
BRDA:227,17,1,0
BRDA:282,18,0,0
BRDA:282,18,1,0
BRDA:459,19,0,0
BRDA:459,19,1,0
BRDA:511,20,0,0
BRDA:511,20,1,0
BRDA:539,21,0,0
BRDA:539,21,1,0
BRDA:554,22,0,0
BRDA:554,22,1,0
BRDA:561,23,0,0
BRDA:561,23,1,0
BRDA:574,24,0,0
BRDA:574,24,1,0
BRF:50
BRH:0
end_of_record
TN:
SF:src\pages\signup-light.tsx
FN:36,SignUpLight
FN:58,(anonymous_1)
FN:64,(anonymous_2)
FN:65,(anonymous_3)
FN:68,(anonymous_4)
FN:76,(anonymous_5)
FN:100,(anonymous_6)
FN:154,(anonymous_7)
FN:170,(anonymous_8)
FN:192,(anonymous_9)
FN:296,(anonymous_10)
FN:326,(anonymous_11)
FN:349,(anonymous_12)
FN:375,(anonymous_13)
FN:401,(anonymous_14)
FN:412,(anonymous_15)
FN:440,(anonymous_16)
FN:451,(anonymous_17)
FNF:18
FNH:0
FNDA:0,SignUpLight
FNDA:0,(anonymous_1)
FNDA:0,(anonymous_2)
FNDA:0,(anonymous_3)
FNDA:0,(anonymous_4)
FNDA:0,(anonymous_5)
FNDA:0,(anonymous_6)
FNDA:0,(anonymous_7)
FNDA:0,(anonymous_8)
FNDA:0,(anonymous_9)
FNDA:0,(anonymous_10)
FNDA:0,(anonymous_11)
FNDA:0,(anonymous_12)
FNDA:0,(anonymous_13)
FNDA:0,(anonymous_14)
FNDA:0,(anonymous_15)
FNDA:0,(anonymous_16)
FNDA:0,(anonymous_17)
DA:3,0
DA:4,0
DA:5,0
DA:6,0
DA:7,0
DA:8,0
DA:9,0
DA:24,0
DA:25,0
DA:26,0
DA:36,0
DA:37,0
DA:45,0
DA:47,0
DA:48,0
DA:49,0
DA:50,0
DA:51,0
DA:53,0
DA:55,0
DA:58,0
DA:59,0
DA:60,0
DA:64,0
DA:65,0
DA:67,0
DA:68,0
DA:71,0
DA:72,0
DA:76,0
DA:77,0
DA:79,0
DA:80,0
DA:81,0
DA:82,0
DA:83,0
DA:84,0
DA:85,0
DA:87,0
DA:88,0
DA:89,0
DA:90,0
DA:92,0
DA:93,0
DA:96,0
DA:97,0
DA:100,0
DA:101,0
DA:103,0
DA:104,0
DA:105,0
DA:108,0
DA:109,0
DA:111,0
DA:113,0
DA:118,0
DA:120,0
DA:126,0
DA:127,0
DA:130,0
DA:132,0
DA:133,0
DA:135,0
DA:138,0
DA:141,0
DA:144,0
DA:147,0
DA:148,0
DA:150,0
DA:154,0
DA:155,0
DA:159,0
DA:170,0
DA:192,0
DA:296,0
DA:327,0
DA:350,0
DA:376,0
DA:402,0
DA:412,0
DA:441,0
DA:452,0
LF:82
LH:0
BRDA:59,0,0,0
BRDA:59,0,1,0
BRDA:67,1,0,0
BRDA:67,1,1,0
BRDA:71,2,0,0
BRDA:71,2,1,0
BRDA:79,3,0,0
BRDA:79,3,1,0
BRDA:81,4,0,0
BRDA:81,4,1,0
BRDA:82,5,0,0
BRDA:82,5,1,0
BRDA:84,6,0,0
BRDA:84,6,1,0
BRDA:87,7,0,0
BRDA:87,7,1,0
BRDA:89,8,0,0
BRDA:89,8,1,0
BRDA:92,9,0,0
BRDA:92,9,1,0
BRDA:103,10,0,0
BRDA:103,10,1,0
BRDA:126,11,0,0
BRDA:126,11,1,0
BRDA:130,12,0,0
BRDA:130,12,1,0
BRDA:133,13,0,0
BRDA:133,13,1,0
BRDA:133,14,0,0
BRDA:133,14,1,0
BRDA:144,15,0,0
BRDA:144,15,1,0
BRDA:280,16,0,0
BRDA:280,16,1,0
BRDA:333,17,0,0
BRDA:333,17,1,0
BRDA:355,18,0,0
BRDA:355,18,1,0
BRDA:382,19,0,0
BRDA:382,19,1,0
BRDA:399,20,0,0
BRDA:399,20,1,0
BRDA:414,21,0,0
BRDA:414,21,1,0
BRDA:421,22,0,0
BRDA:421,22,1,0
BRDA:438,23,0,0
BRDA:438,23,1,0
BRDA:455,24,0,0
BRDA:455,24,1,0
BRDA:462,25,0,0
BRDA:462,25,1,0
BRDA:476,26,0,0
BRDA:476,26,1,0
BRF:54
BRH:0
end_of_record
TN:
SF:src\pages\Dashboard Light Mode\DebugPanel.tsx
FN:31,DebugPanel
FN:46,(anonymous_1)
FN:56,(anonymous_2)
FN:62,(anonymous_3)
FN:68,(anonymous_4)
FN:81,(anonymous_5)
FN:156,(anonymous_6)
FN:185,(anonymous_7)
FN:199,(anonymous_8)
FN:222,(anonymous_9)
FNF:10
FNH:0
FNDA:0,DebugPanel
FNDA:0,(anonymous_1)
FNDA:0,(anonymous_2)
FNDA:0,(anonymous_3)
FNDA:0,(anonymous_4)
FNDA:0,(anonymous_5)
FNDA:0,(anonymous_6)
FNDA:0,(anonymous_7)
FNDA:0,(anonymous_8)
FNDA:0,(anonymous_9)
DA:3,0
DA:4,0
DA:5,0
DA:6,0
DA:31,0
DA:38,0
DA:41,0
DA:44,0
DA:46,0
DA:47,0
DA:48,0
DA:49,0
DA:51,0
DA:53,0
DA:56,0
DA:57,0
DA:58,0
DA:61,0
DA:62,0
DA:64,0
DA:68,0
DA:69,0
DA:72,0
DA:75,0
DA:78,0
DA:81,0
DA:82,0
DA:85,0
DA:157,0
DA:158,0
DA:162,0
DA:185,0
DA:199,0
DA:222,0
LF:34
LH:0
BRDA:44,0,0,0
BRDA:44,0,1,0
BRDA:48,1,0,0
BRDA:48,1,1,0
BRDA:69,2,0,0
BRDA:69,2,1,0
BRDA:72,3,0,0
BRDA:72,3,1,0
BRDA:75,4,0,0
BRDA:75,4,1,0
BRDA:82,5,0,0
BRDA:82,5,1,0
BRDA:92,6,0,0
BRDA:92,6,1,0
BRDA:98,7,0,0
BRDA:98,7,1,0
BRDA:129,8,0,0
BRDA:129,8,1,0
BRDA:139,9,0,0
BRDA:139,9,1,0
BRDA:147,10,0,0
BRDA:147,10,1,0
BRDA:189,11,0,0
BRDA:189,11,1,0
BRDA:195,12,0,0
BRDA:195,12,1,0
BRDA:201,13,0,0
BRDA:201,13,1,0
BRDA:205,14,0,0
BRDA:205,14,1,0
BRDA:216,15,0,0
BRDA:216,15,1,0
BRDA:221,16,0,0
BRDA:221,16,1,0
BRDA:228,17,0,0
BRDA:228,17,1,0
BRDA:235,18,0,0
BRDA:235,18,1,0
BRDA:235,18,2,0
BRF:39
BRH:0
end_of_record
TN:
SF:src\pages\Dashboard Light Mode\FileNameDialog.tsx
FN:24,FileNameDialog
FN:36,(anonymous_1)
FN:43,(anonymous_2)
FN:68,(anonymous_3)
FN:76,(anonymous_4)
FN:121,(anonymous_5)
FN:146,(anonymous_6)
FNF:7
FNH:0
FNDA:0,FileNameDialog
FNDA:0,(anonymous_1)
FNDA:0,(anonymous_2)
FNDA:0,(anonymous_3)
FNDA:0,(anonymous_4)
FNDA:0,(anonymous_5)
FNDA:0,(anonymous_6)
DA:1,0
DA:2,0
DA:11,0
DA:12,0
DA:13,0
DA:14,0
DA:15,0
DA:24,0
DA:30,0
DA:31,0
DA:32,0
DA:33,0
DA:36,0
DA:37,0
DA:38,0
DA:39,0
DA:43,0
DA:45,0
DA:46,0
DA:47,0
DA:51,0
DA:52,0
DA:53,0
DA:54,0
DA:58,0
DA:59,0
DA:60,0
DA:63,0
DA:64,0
DA:65,0
DA:68,0
DA:69,0
DA:70,0
DA:71,0
DA:72,0
DA:76,0
DA:77,0
DA:78,0
DA:79,0
DA:83,0
DA:122,0
DA:123,0
DA:146,0
LF:43
LH:0
BRDA:27,0,0,0
BRDA:38,1,0,0
BRDA:38,1,1,0
BRDA:45,2,0,0
BRDA:45,2,1,0
BRDA:52,3,0,0
BRDA:52,3,1,0
BRDA:59,4,0,0
BRDA:59,4,1,0
BRDA:70,5,0,0
BRDA:70,5,1,0
BRDA:77,6,0,0
BRDA:77,6,1,0
BRDA:130,7,0,0
BRDA:130,7,1,0
BRF:15
BRH:0
end_of_record
TN:
SF:src\pages\Dashboard Light Mode\challenge-solver-light.tsx
FN:41,ChallengeSolverLight
FN:75,(anonymous_2)
FN:80,(anonymous_3)
FN:102,(anonymous_4)
FN:150,(anonymous_5)
FN:159,(anonymous_6)
FN:170,(anonymous_7)
FN:174,(anonymous_8)
FN:179,(anonymous_9)
FN:186,(anonymous_10)
FN:191,(anonymous_11)
FN:192,(anonymous_12)
FN:208,(anonymous_13)
FN:219,(anonymous_14)
FN:228,(anonymous_15)
FN:229,(anonymous_16)
FN:247,(anonymous_17)
FN:249,(anonymous_18)
FN:262,(anonymous_19)
FN:266,(anonymous_20)
FN:329,(anonymous_21)
FN:340,(anonymous_22)
FN:391,(anonymous_23)
FN:409,(anonymous_24)
FN:465,(anonymous_25)
FN:494,(anonymous_26)
FN:498,(anonymous_27)
FN:502,(anonymous_28)
FN:657,(anonymous_29)
FN:724,(anonymous_30)
FN:748,(anonymous_31)
FN:848,(anonymous_32)
FN:929,(anonymous_33)
FN:1028,(anonymous_34)
FN:1106,(anonymous_35)
FNF:35
FNH:0
FNDA:0,ChallengeSolverLight
FNDA:0,(anonymous_2)
FNDA:0,(anonymous_3)
FNDA:0,(anonymous_4)
FNDA:0,(anonymous_5)
FNDA:0,(anonymous_6)
FNDA:0,(anonymous_7)
FNDA:0,(anonymous_8)
FNDA:0,(anonymous_9)
FNDA:0,(anonymous_10)
FNDA:0,(anonymous_11)
FNDA:0,(anonymous_12)
FNDA:0,(anonymous_13)
FNDA:0,(anonymous_14)
FNDA:0,(anonymous_15)
FNDA:0,(anonymous_16)
FNDA:0,(anonymous_17)
FNDA:0,(anonymous_18)
FNDA:0,(anonymous_19)
FNDA:0,(anonymous_20)
FNDA:0,(anonymous_21)
FNDA:0,(anonymous_22)
FNDA:0,(anonymous_23)
FNDA:0,(anonymous_24)
FNDA:0,(anonymous_25)
FNDA:0,(anonymous_26)
FNDA:0,(anonymous_27)
FNDA:0,(anonymous_28)
FNDA:0,(anonymous_29)
FNDA:0,(anonymous_30)
FNDA:0,(anonymous_31)
FNDA:0,(anonymous_32)
FNDA:0,(anonymous_33)
FNDA:0,(anonymous_34)
FNDA:0,(anonymous_35)
DA:3,0
DA:4,0
DA:5,0
DA:6,0
DA:13,0
DA:14,0
DA:15,0
DA:31,0
DA:32,0
DA:33,0
DA:34,0
DA:35,0
DA:36,0
DA:39,0
DA:41,0
DA:42,0
DA:43,0
DA:44,0
DA:45,0
DA:46,0
DA:49,0
DA:50,0
DA:51,0
DA:54,0
DA:55,0
DA:56,0
DA:57,0
DA:58,0
DA:59,0
DA:60,0
DA:61,0
DA:62,0
DA:63,0
DA:64,0
DA:65,0
DA:68,0
DA:75,0
DA:76,0
DA:77,0
DA:80,0
DA:81,0
DA:82,0
DA:83,0
DA:86,0
DA:88,0
DA:91,0
DA:92,0
DA:93,0
DA:94,0
DA:95,0
DA:96,0
DA:97,0
DA:100,0
DA:102,0
DA:103,0
DA:106,0
DA:107,0
DA:108,0
DA:111,0
DA:117,0
DA:118,0
DA:119,0
DA:122,0
DA:123,0
DA:124,0
DA:125,0
DA:127,0
DA:130,0
DA:132,0
DA:133,0
DA:134,0
DA:135,0
DA:138,0
DA:139,0
DA:140,0
DA:143,0
DA:148,0
DA:149,0
DA:150,0
DA:151,0
DA:152,0
DA:156,0
DA:159,0
DA:160,0
DA:161,0
DA:162,0
DA:163,0
DA:164,0
DA:170,0
DA:171,0
DA:174,0
DA:175,0
DA:179,0
DA:180,0
DA:181,0
DA:182,0
DA:186,0
DA:187,0
DA:188,0
DA:191,0
DA:192,0
DA:193,0
DA:195,0
DA:196,0
DA:198,0
DA:199,0
DA:200,0
DA:201,0
DA:203,0
DA:204,0
DA:208,0
DA:209,0
DA:212,0
DA:213,0
DA:214,0
DA:215,0
DA:216,0
DA:219,0
DA:220,0
DA:221,0
DA:222,0
DA:223,0
DA:228,0
DA:229,0
DA:247,0
DA:248,0
DA:249,0
DA:262,0
DA:266,0
DA:267,0
DA:269,0
DA:270,0
DA:272,0
DA:273,0
DA:275,0
DA:277,0
DA:284,0
DA:285,0
DA:286,0
DA:287,0
DA:288,0
DA:289,0
DA:290,0
DA:291,0
DA:294,0
DA:299,0
DA:302,0
DA:303,0
DA:305,0
DA:306,0
DA:307,0
DA:308,0
DA:313,0
DA:314,0
DA:317,0
DA:318,0
DA:321,0
DA:323,0
DA:328,0
DA:330,0
DA:332,0
DA:333,0
DA:340,0
DA:341,0
DA:343,0
DA:344,0
DA:348,0
DA:349,0
DA:351,0
DA:352,0
DA:354,0
DA:365,0
DA:366,0
DA:367,0
DA:368,0
DA:369,0
DA:370,0
DA:371,0
DA:372,0
DA:373,0
DA:374,0
DA:377,0
DA:379,0
DA:382,0
DA:383,0
DA:385,0
DA:386,0
DA:389,0
DA:391,0
DA:392,0
DA:395,0
DA:396,0
DA:401,0
DA:403,0
DA:404,0
DA:406,0
DA:409,0
DA:410,0
DA:414,0
DA:415,0
DA:417,0
DA:418,0
DA:420,0
DA:421,0
DA:422,0
DA:423,0
DA:426,0
DA:429,0
DA:430,0
DA:433,0
DA:434,0
DA:435,0
DA:436,0
DA:438,0
DA:441,0
DA:442,0
DA:445,0
DA:446,0
DA:449,0
DA:451,0
DA:465,0
DA:467,0
DA:470,0
DA:472,0
DA:473,0
DA:474,0
DA:475,0
DA:477,0
DA:480,0
DA:483,0
DA:485,0
DA:486,0
DA:487,0
DA:489,0
DA:494,0
DA:495,0
DA:498,0
DA:499,0
DA:502,0
DA:503,0
DA:509,0
DA:510,0
DA:526,0
DA:527,0
DA:549,0
DA:658,0
DA:664,0
DA:666,0
DA:725,0
DA:749,0
DA:849,0
DA:929,0
DA:1028,0
DA:1107,0
LF:254
LH:0
BRDA:81,0,0,0
BRDA:81,0,1,0
BRDA:81,1,0,0
BRDA:81,1,1,0
BRDA:82,2,0,0
BRDA:82,2,1,0
BRDA:84,3,0,0
BRDA:84,3,1,0
BRDA:92,4,0,0
BRDA:92,4,1,0
BRDA:106,5,0,0
BRDA:106,5,1,0
BRDA:106,6,0,0
BRDA:106,6,1,0
BRDA:117,7,0,0
BRDA:117,7,1,0
BRDA:117,8,0,0
BRDA:117,8,1,0
BRDA:122,9,0,0
BRDA:122,9,1,0
BRDA:123,10,0,0
BRDA:123,10,1,0
BRDA:132,11,0,0
BRDA:132,11,1,0
BRDA:138,12,0,0
BRDA:138,12,1,0
BRDA:138,13,0,0
BRDA:138,13,1,0
BRDA:141,14,0,0
BRDA:141,14,1,0
BRDA:148,15,0,0
BRDA:148,15,1,0
BRDA:148,16,0,0
BRDA:148,16,1,0
BRDA:151,17,0,0
BRDA:151,17,1,0
BRDA:151,18,0,0
BRDA:151,18,1,0
BRDA:163,19,0,0
BRDA:163,19,1,0
BRDA:193,20,0,0
BRDA:193,20,1,0
BRDA:196,21,0,0
BRDA:196,21,1,0
BRDA:203,22,0,0
BRDA:203,22,1,0
BRDA:203,23,0,0
BRDA:203,23,1,0
BRDA:212,24,0,0
BRDA:212,24,1,0
BRDA:231,25,0,0
BRDA:231,25,1,0
BRDA:233,26,0,0
BRDA:233,26,1,0
BRDA:234,27,0,0
BRDA:234,27,1,0
BRDA:235,28,0,0
BRDA:235,28,1,0
BRDA:237,29,0,0
BRDA:237,29,1,0
BRDA:239,30,0,0
BRDA:239,30,1,0
BRDA:240,31,0,0
BRDA:240,31,1,0
BRDA:242,32,0,0
BRDA:242,32,1,0
BRDA:242,32,2,0
BRDA:267,33,0,0
BRDA:267,33,1,0
BRDA:267,34,0,0
BRDA:267,34,1,0
BRDA:284,35,0,0
BRDA:284,35,1,0
BRDA:288,36,0,0
BRDA:288,36,1,0
BRDA:290,37,0,0
BRDA:290,37,1,0
BRDA:305,38,0,0
BRDA:305,38,1,0
BRDA:305,39,0,0
BRDA:305,39,1,0
BRDA:319,40,0,0
BRDA:319,40,1,0
BRDA:332,41,0,0
BRDA:332,41,1,0
BRDA:332,42,0,0
BRDA:332,42,1,0
BRDA:332,42,2,0
BRDA:341,43,0,0
BRDA:341,43,1,0
BRDA:341,44,0,0
BRDA:341,44,1,0
BRDA:341,44,2,0
BRDA:365,45,0,0
BRDA:365,45,1,0
BRDA:369,46,0,0
BRDA:369,46,1,0
BRDA:371,47,0,0
BRDA:371,47,1,0
BRDA:373,48,0,0
BRDA:373,48,1,0
BRDA:385,49,0,0
BRDA:385,49,1,0
BRDA:385,50,0,0
BRDA:385,50,1,0
BRDA:397,51,0,0
BRDA:397,51,1,0
BRDA:398,52,0,0
BRDA:398,52,1,0
BRDA:399,53,0,0
BRDA:399,53,1,0
BRDA:403,54,0,0
BRDA:403,54,1,0
BRDA:404,55,0,0
BRDA:404,55,1,0
BRDA:411,56,0,0
BRDA:411,56,1,0
BRDA:414,57,0,0
BRDA:414,57,1,0
BRDA:414,58,0,0
BRDA:414,58,1,0
BRDA:417,59,0,0
BRDA:417,59,1,0
BRDA:422,60,0,0
BRDA:422,60,1,0
BRDA:433,61,0,0
BRDA:433,61,1,0
BRDA:435,62,0,0
BRDA:435,62,1,0
BRDA:441,63,0,0
BRDA:441,63,1,0
BRDA:445,64,0,0
BRDA:445,64,1,0
BRDA:452,65,0,0
BRDA:452,65,1,0
BRDA:473,66,0,0
BRDA:473,66,1,0
BRDA:474,67,0,0
BRDA:474,67,1,0
BRDA:503,68,0,0
BRDA:503,68,1,0
BRDA:509,69,0,0
BRDA:509,69,1,0
BRDA:526,70,0,0
BRDA:526,70,1,0
BRDA:526,71,0,0
BRDA:526,71,1,0
BRDA:535,72,0,0
BRDA:535,72,1,0
BRDA:579,73,0,0
BRDA:579,73,1,0
BRDA:586,74,0,0
BRDA:586,74,1,0
BRDA:630,75,0,0
BRDA:630,75,1,0
BRDA:647,76,0,0
BRDA:647,76,1,0
BRDA:651,77,0,0
BRDA:651,77,1,0
BRDA:651,77,2,0
BRDA:658,78,0,0
BRDA:658,78,1,0
BRDA:662,79,0,0
BRDA:662,79,1,0
BRDA:673,80,0,0
BRDA:673,80,1,0
BRDA:684,81,0,0
BRDA:684,81,1,0
BRDA:695,82,0,0
BRDA:695,82,1,0
BRDA:714,83,0,0
BRDA:714,83,1,0
BRDA:714,83,2,0
BRDA:742,84,0,0
BRDA:742,84,1,0
BRDA:742,84,2,0
BRDA:765,85,0,0
BRDA:765,85,1,0
BRDA:781,86,0,0
BRDA:781,86,1,0
BRDA:781,86,2,0
BRDA:800,87,0,0
BRDA:800,87,1,0
BRDA:800,87,2,0
BRDA:800,87,3,0
BRDA:820,88,0,0
BRDA:820,88,1,0
BRDA:820,88,2,0
BRDA:820,88,3,0
BRDA:831,89,0,0
BRDA:831,89,1,0
BRDA:840,90,0,0
BRDA:840,90,1,0
BRDA:860,91,0,0
BRDA:860,91,1,0
BRDA:865,92,0,0
BRDA:865,92,1,0
BRDA:879,93,0,0
BRDA:879,93,1,0
BRDA:889,94,0,0
BRDA:889,94,1,0
BRDA:894,95,0,0
BRDA:894,95,1,0
BRDA:915,96,0,0
BRDA:915,96,1,0
BRDA:920,97,0,0
BRDA:920,97,1,0
BRDA:941,98,0,0
BRDA:941,98,1,0
BRDA:981,99,0,0
BRDA:981,99,1,0
BRDA:985,100,0,0
BRDA:985,100,1,0
BRDA:1028,101,0,0
BRDA:1028,101,1,0
BRDA:1070,102,0,0
BRDA:1070,102,1,0
BRDA:1083,103,0,0
BRDA:1083,103,1,0
BRDA:1083,103,2,0
BRDA:1095,104,0,0
BRDA:1095,104,1,0
BRDA:1095,104,2,0
BRDA:1104,105,0,0
BRDA:1104,105,1,0
BRDA:1110,106,0,0
BRDA:1110,106,1,0
BRDA:1120,107,0,0
BRDA:1120,107,1,0
BRDA:1132,108,0,0
BRDA:1132,108,1,0
BRDA:1153,109,0,0
BRDA:1153,109,1,0
BRDA:1153,109,2,0
BRDA:1170,110,0,0
BRDA:1170,110,1,0
BRDA:1184,111,0,0
BRDA:1184,111,1,0
BRDA:1205,112,0,0
BRDA:1205,112,1,0
BRDA:1212,113,0,0
BRDA:1212,113,1,0
BRDA:1217,114,0,0
BRDA:1217,114,1,0
BRDA:1225,115,0,0
BRDA:1225,115,1,0
BRDA:1239,116,0,0
BRDA:1239,116,1,0
BRDA:1239,116,2,0
BRDA:1267,117,0,0
BRDA:1267,117,1,0
BRDA:1275,118,0,0
BRDA:1275,118,1,0
BRF:253
BRH:0
end_of_record
TN:
SF:src\pages\Dashboard Light Mode\challenges-light.tsx
FN:35,ChallengesLight
FN:42,(anonymous_1)
FN:61,(anonymous_2)
FN:74,(anonymous_3)
FN:78,(anonymous_4)
FN:237,(anonymous_5)
FN:247,(anonymous_6)
FN:327,(anonymous_7)
FN:438,(anonymous_8)
FN:450,(anonymous_9)
FNF:10
FNH:0
FNDA:0,ChallengesLight
FNDA:0,(anonymous_1)
FNDA:0,(anonymous_2)
FNDA:0,(anonymous_3)
FNDA:0,(anonymous_4)
FNDA:0,(anonymous_5)
FNDA:0,(anonymous_6)
FNDA:0,(anonymous_7)
FNDA:0,(anonymous_8)
FNDA:0,(anonymous_9)
DA:3,0
DA:4,0
DA:5,0
DA:6,0
DA:7,0
DA:14,0
DA:30,0
DA:31,0
DA:32,0
DA:33,0
DA:35,0
DA:36,0
DA:37,0
DA:38,0
DA:39,0
DA:41,0
DA:42,0
DA:43,0
DA:56,0
DA:59,0
DA:61,0
DA:62,0
DA:64,0
DA:66,0
DA:68,0
DA:70,0
DA:74,0
DA:75,0
DA:78,0
DA:79,0
DA:80,0
DA:81,0
DA:85,0
DA:92,0
DA:93,0
DA:94,0
DA:95,0
DA:97,0
DA:237,0
DA:248,0
DA:328,0
DA:329,0
DA:334,0
DA:439,0
DA:450,0
LF:45
LH:0
BRDA:62,0,0,0
BRDA:62,0,1,0
BRDA:62,0,2,0
BRDA:62,0,3,0
BRDA:79,1,0,0
BRDA:79,1,1,0
BRDA:80,2,0,0
BRDA:80,2,1,0
BRDA:92,3,0,0
BRDA:92,3,1,0
BRDA:93,4,0,0
BRDA:93,4,1,0
BRDA:94,5,0,0
BRDA:94,5,1,0
BRDA:95,6,0,0
BRDA:95,6,1,0
BRDA:123,7,0,0
BRDA:123,7,1,0
BRDA:125,8,0,0
BRDA:125,8,1,0
BRDA:125,9,0,0
BRDA:125,9,1,0
BRDA:152,10,0,0
BRDA:152,10,1,0
BRDA:173,11,0,0
BRDA:173,11,1,0
BRDA:194,12,0,0
BRDA:194,12,1,0
BRDA:215,13,0,0
BRDA:215,13,1,0
BRDA:217,14,0,0
BRDA:217,14,1,0
BRDA:217,15,0,0
BRDA:217,15,1,0
BRDA:299,16,0,0
BRDA:299,16,1,0
BRDA:306,17,0,0
BRDA:306,17,1,0
BRDA:349,18,0,0
BRDA:349,18,1,0
BRDA:363,19,0,0
BRDA:363,19,1,0
BRDA:369,20,0,0
BRDA:369,20,1,0
BRDA:369,20,2,0
BRDA:394,21,0,0
BRDA:394,21,1,0
BRDA:394,21,2,0
BRDA:394,21,3,0
BRDA:452,22,0,0
BRDA:452,22,1,0
BRDA:458,23,0,0
BRDA:458,23,1,0
BRDA:463,24,0,0
BRDA:463,24,1,0
BRDA:485,25,0,0
BRDA:485,25,1,0
BRDA:485,25,2,0
BRDA:485,25,3,0
BRDA:494,26,0,0
BRDA:494,26,1,0
BRF:61
BRH:0
end_of_record
TN:
SF:src\pages\Dashboard Light Mode\code-editor-light.tsx
FN:86,(anonymous_1)
FN:88,(anonymous_2)
FN:92,CodeEditorLight
FN:102,(anonymous_4)
FN:174,(anonymous_5)
FN:178,(anonymous_6)
FN:188,(anonymous_7)
FN:195,(anonymous_8)
FN:211,(anonymous_9)
FN:216,(anonymous_10)
FN:252,(anonymous_11)
FN:286,(anonymous_12)
FN:297,(anonymous_13)
FN:309,(anonymous_14)
FN:315,(anonymous_15)
FN:323,(anonymous_16)
FN:324,(anonymous_17)
FN:331,(anonymous_18)
FN:345,(anonymous_19)
FN:355,(anonymous_20)
FN:378,(anonymous_21)
FN:387,(anonymous_22)
FN:392,(anonymous_23)
FN:393,(anonymous_24)
FN:415,(anonymous_25)
FN:426,(anonymous_26)
FN:438,(anonymous_27)
FN:439,(anonymous_28)
FN:440,(anonymous_29)
FN:442,(anonymous_30)
FN:451,(anonymous_31)
FN:499,(anonymous_32)
FN:509,(anonymous_33)
FN:516,(anonymous_34)
FN:528,(anonymous_35)
FN:565,(anonymous_36)
FN:591,(anonymous_37)
FN:594,(anonymous_38)
FN:599,(anonymous_39)
FN:604,(anonymous_40)
FN:617,(anonymous_41)
FN:655,(anonymous_42)
FN:681,(anonymous_43)
FN:685,(anonymous_44)
FN:692,(anonymous_45)
FN:711,(anonymous_46)
FN:715,(anonymous_47)
FN:723,(anonymous_48)
FN:727,(anonymous_49)
FN:731,(anonymous_50)
FN:736,(anonymous_51)
FN:737,(anonymous_52)
FN:756,(anonymous_53)
FN:767,(anonymous_54)
FN:780,(anonymous_55)
FN:789,(anonymous_56)
FN:795,(anonymous_57)
FN:801,(anonymous_58)
FN:813,(anonymous_59)
FN:818,(anonymous_60)
FN:824,(anonymous_61)
FN:831,(anonymous_62)
FN:838,(anonymous_63)
FN:839,(anonymous_64)
FN:843,(anonymous_65)
FN:846,(anonymous_66)
FN:852,(anonymous_67)
FN:853,(anonymous_68)
FN:862,(anonymous_69)
FN:867,(anonymous_70)
FN:868,(anonymous_71)
FN:896,(anonymous_72)
FN:907,(anonymous_73)
FN:919,(anonymous_74)
FN:924,(anonymous_75)
FN:928,(anonymous_76)
FN:962,(anonymous_77)
FN:970,(anonymous_78)
FN:975,(anonymous_79)
FN:981,(anonymous_80)
FN:990,(anonymous_81)
FN:998,(anonymous_82)
FN:1009,(anonymous_83)
FN:1055,(anonymous_84)
FN:1059,(anonymous_85)
FN:1071,(anonymous_86)
FN:1097,(anonymous_87)
FN:1146,(anonymous_88)
FN:1150,(anonymous_89)
FN:1173,(anonymous_90)
FN:1174,(anonymous_91)
FN:1196,(anonymous_92)
FN:1200,(anonymous_93)
FN:1201,(anonymous_94)
FN:1213,(anonymous_95)
FN:1217,(anonymous_96)
FN:1227,(anonymous_97)
FN:1228,(anonymous_98)
FN:1230,(anonymous_99)
FN:1232,(anonymous_100)
FN:1241,(anonymous_101)
FN:1256,(anonymous_102)
FN:1271,(anonymous_103)
FN:1279,(anonymous_104)
FN:1296,(anonymous_105)
FN:1302,(anonymous_106)
FN:1309,(anonymous_107)
FN:1315,(anonymous_108)
FN:1319,(anonymous_109)
FN:1325,(anonymous_110)
FN:1335,(anonymous_111)
FN:1412,(anonymous_112)
FN:1611,(anonymous_113)
FN:1643,(anonymous_114)
FN:1751,(anonymous_115)
FN:1829,(anonymous_116)
FN:1891,(anonymous_117)
FNF:117
FNH:0
FNDA:0,(anonymous_1)
FNDA:0,(anonymous_2)
FNDA:0,CodeEditorLight
FNDA:0,(anonymous_4)
FNDA:0,(anonymous_5)
FNDA:0,(anonymous_6)
FNDA:0,(anonymous_7)
FNDA:0,(anonymous_8)
FNDA:0,(anonymous_9)
FNDA:0,(anonymous_10)
FNDA:0,(anonymous_11)
FNDA:0,(anonymous_12)
FNDA:0,(anonymous_13)
FNDA:0,(anonymous_14)
FNDA:0,(anonymous_15)
FNDA:0,(anonymous_16)
FNDA:0,(anonymous_17)
FNDA:0,(anonymous_18)
FNDA:0,(anonymous_19)
FNDA:0,(anonymous_20)
FNDA:0,(anonymous_21)
FNDA:0,(anonymous_22)
FNDA:0,(anonymous_23)
FNDA:0,(anonymous_24)
FNDA:0,(anonymous_25)
FNDA:0,(anonymous_26)
FNDA:0,(anonymous_27)
FNDA:0,(anonymous_28)
FNDA:0,(anonymous_29)
FNDA:0,(anonymous_30)
FNDA:0,(anonymous_31)
FNDA:0,(anonymous_32)
FNDA:0,(anonymous_33)
FNDA:0,(anonymous_34)
FNDA:0,(anonymous_35)
FNDA:0,(anonymous_36)
FNDA:0,(anonymous_37)
FNDA:0,(anonymous_38)
FNDA:0,(anonymous_39)
FNDA:0,(anonymous_40)
FNDA:0,(anonymous_41)
FNDA:0,(anonymous_42)
FNDA:0,(anonymous_43)
FNDA:0,(anonymous_44)
FNDA:0,(anonymous_45)
FNDA:0,(anonymous_46)
FNDA:0,(anonymous_47)
FNDA:0,(anonymous_48)
FNDA:0,(anonymous_49)
FNDA:0,(anonymous_50)
FNDA:0,(anonymous_51)
FNDA:0,(anonymous_52)
FNDA:0,(anonymous_53)
FNDA:0,(anonymous_54)
FNDA:0,(anonymous_55)
FNDA:0,(anonymous_56)
FNDA:0,(anonymous_57)
FNDA:0,(anonymous_58)
FNDA:0,(anonymous_59)
FNDA:0,(anonymous_60)
FNDA:0,(anonymous_61)
FNDA:0,(anonymous_62)
FNDA:0,(anonymous_63)
FNDA:0,(anonymous_64)
FNDA:0,(anonymous_65)
FNDA:0,(anonymous_66)
FNDA:0,(anonymous_67)
FNDA:0,(anonymous_68)
FNDA:0,(anonymous_69)
FNDA:0,(anonymous_70)
FNDA:0,(anonymous_71)
FNDA:0,(anonymous_72)
FNDA:0,(anonymous_73)
FNDA:0,(anonymous_74)
FNDA:0,(anonymous_75)
FNDA:0,(anonymous_76)
FNDA:0,(anonymous_77)
FNDA:0,(anonymous_78)
FNDA:0,(anonymous_79)
FNDA:0,(anonymous_80)
FNDA:0,(anonymous_81)
FNDA:0,(anonymous_82)
FNDA:0,(anonymous_83)
FNDA:0,(anonymous_84)
FNDA:0,(anonymous_85)
FNDA:0,(anonymous_86)
FNDA:0,(anonymous_87)
FNDA:0,(anonymous_88)
FNDA:0,(anonymous_89)
FNDA:0,(anonymous_90)
FNDA:0,(anonymous_91)
FNDA:0,(anonymous_92)
FNDA:0,(anonymous_93)
FNDA:0,(anonymous_94)
FNDA:0,(anonymous_95)
FNDA:0,(anonymous_96)
FNDA:0,(anonymous_97)
FNDA:0,(anonymous_98)
FNDA:0,(anonymous_99)
FNDA:0,(anonymous_100)
FNDA:0,(anonymous_101)
FNDA:0,(anonymous_102)
FNDA:0,(anonymous_103)
FNDA:0,(anonymous_104)
FNDA:0,(anonymous_105)
FNDA:0,(anonymous_106)
FNDA:0,(anonymous_107)
FNDA:0,(anonymous_108)
FNDA:0,(anonymous_109)
FNDA:0,(anonymous_110)
FNDA:0,(anonymous_111)
FNDA:0,(anonymous_112)
FNDA:0,(anonymous_113)
FNDA:0,(anonymous_114)
FNDA:0,(anonymous_115)
FNDA:0,(anonymous_116)
FNDA:0,(anonymous_117)
DA:4,0
DA:5,0
DA:6,0
DA:7,0
DA:14,0
DA:15,0
DA:16,0
DA:17,0
DA:38,0
DA:39,0
DA:40,0
DA:41,0
DA:42,0
DA:43,0
DA:45,0
DA:83,0
DA:86,0
DA:87,0
DA:88,0
DA:92,0
DA:102,0
DA:103,0
DA:105,0
DA:106,0
DA:109,0
DA:110,0
DA:111,0
DA:115,0
DA:116,0
DA:117,0
DA:118,0
DA:119,0
DA:120,0
DA:121,0
DA:124,0
DA:125,0
DA:126,0
DA:127,0
DA:128,0
DA:129,0
DA:130,0
DA:133,0
DA:134,0
DA:135,0
DA:138,0
DA:143,0
DA:144,0
DA:145,0
DA:149,0
DA:150,0
DA:151,0
DA:152,0
DA:153,0
DA:154,0
DA:155,0
DA:156,0
DA:157,0
DA:158,0
DA:162,0
DA:163,0
DA:164,0
DA:167,0
DA:168,0
DA:169,0
DA:170,0
DA:174,0
DA:175,0
DA:178,0
DA:179,0
DA:180,0
DA:181,0
DA:182,0
DA:188,0
DA:189,0
DA:191,0
DA:192,0
DA:195,0
DA:205,0
DA:211,0
DA:212,0
DA:216,0
DA:217,0
DA:218,0
DA:219,0
DA:222,0
DA:228,0
DA:242,0
DA:244,0
DA:252,0
DA:254,0
DA:255,0
DA:256,0
DA:257,0
DA:258,0
DA:261,0
DA:286,0
DA:288,0
DA:289,0
DA:290,0
DA:297,0
DA:298,0
DA:299,0
DA:300,0
DA:304,0
DA:305,0
DA:309,0
DA:311,0
DA:312,0
DA:315,0
DA:316,0
DA:317,0
DA:323,0
DA:324,0
DA:325,0
DA:326,0
DA:331,0
DA:332,0
DA:333,0
DA:335,0
DA:337,0
DA:338,0
DA:341,0
DA:345,0
DA:346,0
DA:347,0
DA:350,0
DA:351,0
DA:355,0
DA:358,0
DA:361,0
DA:363,0
DA:365,0
DA:367,0
DA:371,0
DA:374,0
DA:378,0
DA:379,0
DA:380,0
DA:382,0
DA:387,0
DA:388,0
DA:389,0
DA:392,0
DA:393,0
DA:394,0
DA:396,0
DA:399,0
DA:402,0
DA:403,0
DA:404,0
DA:405,0
DA:410,0
DA:411,0
DA:415,0
DA:416,0
DA:419,0
DA:420,0
DA:421,0
DA:422,0
DA:423,0
DA:426,0
DA:427,0
DA:428,0
DA:429,0
DA:430,0
DA:431,0
DA:438,0
DA:439,0
DA:440,0
DA:441,0
DA:442,0
DA:444,0
DA:451,0
DA:452,0
DA:453,0
DA:454,0
DA:456,0
DA:457,0
DA:459,0
DA:461,0
DA:463,0
DA:466,0
DA:467,0
DA:470,0
DA:472,0
DA:473,0
DA:476,0
DA:477,0
DA:478,0
DA:480,0
DA:481,0
DA:482,0
DA:483,0
DA:485,0
DA:488,0
DA:489,0
DA:491,0
DA:492,0
DA:493,0
DA:498,0
DA:499,0
DA:506,0
DA:508,0
DA:509,0
DA:512,0
DA:513,0
DA:516,0
DA:517,0
DA:519,0
DA:520,0
DA:522,0
DA:524,0
DA:526,0
DA:527,0
DA:528,0
DA:531,0
DA:532,0
DA:535,0
DA:536,0
DA:538,0
DA:540,0
DA:541,0
DA:542,0
DA:544,0
DA:545,0
DA:547,0
DA:548,0
DA:549,0
DA:552,0
DA:554,0
DA:557,0
DA:559,0
DA:563,0
DA:564,0
DA:565,0
DA:571,0
DA:574,0
DA:575,0
DA:576,0
DA:578,0
DA:579,0
DA:582,0
DA:585,0
DA:586,0
DA:587,0
DA:590,0
DA:591,0
DA:594,0
DA:596,0
DA:599,0
DA:600,0
DA:602,0
DA:603,0
DA:604,0
DA:606,0
DA:611,0
DA:613,0
DA:616,0
DA:617,0
DA:619,0
DA:620,0
DA:623,0
DA:624,0
DA:626,0
DA:629,0
DA:630,0
DA:631,0
DA:633,0
DA:634,0
DA:636,0
DA:637,0
DA:638,0
DA:641,0
DA:643,0
DA:646,0
DA:648,0
DA:653,0
DA:654,0
DA:655,0
DA:661,0
DA:665,0
DA:666,0
DA:667,0
DA:668,0
DA:669,0
DA:672,0
DA:675,0
DA:676,0
DA:677,0
DA:680,0
DA:681,0
DA:684,0
DA:685,0
DA:688,0
DA:692,0
DA:693,0
DA:694,0
DA:695,0
DA:696,0
DA:697,0
DA:698,0
DA:701,0
DA:702,0
DA:711,0
DA:712,0
DA:715,0
DA:716,0
DA:717,0
DA:718,0
DA:720,0
DA:723,0
DA:724,0
DA:727,0
DA:728,0
DA:731,0
DA:732,0
DA:736,0
DA:737,0
DA:738,0
DA:741,0
DA:742,0
DA:743,0
DA:744,0
DA:747,0
DA:748,0
DA:753,0
DA:756,0
DA:757,0
DA:760,0
DA:761,0
DA:762,0
DA:763,0
DA:764,0
DA:767,0
DA:768,0
DA:769,0
DA:770,0
DA:771,0
DA:772,0
DA:779,0
DA:781,0
DA:782,0
DA:788,0
DA:790,0
DA:795,0
DA:796,0
DA:797,0
DA:800,0
DA:801,0
DA:802,0
DA:804,0
DA:805,0
DA:807,0
DA:808,0
DA:809,0
DA:810,0
DA:811,0
DA:813,0
DA:814,0
DA:817,0
DA:818,0
DA:819,0
DA:823,0
DA:824,0
DA:825,0
DA:831,0
DA:832,0
DA:833,0
DA:838,0
DA:839,0
DA:840,0
DA:843,0
DA:846,0
DA:847,0
DA:848,0
DA:852,0
DA:853,0
DA:854,0
DA:855,0
DA:862,0
DA:863,0
DA:864,0
DA:867,0
DA:868,0
DA:869,0
DA:871,0
DA:874,0
DA:876,0
DA:877,0
DA:878,0
DA:880,0
DA:881,0
DA:883,0
DA:884,0
DA:886,0
DA:891,0
DA:896,0
DA:897,0
DA:900,0
DA:901,0
DA:902,0
DA:903,0
DA:904,0
DA:907,0
DA:908,0
DA:909,0
DA:910,0
DA:911,0
DA:912,0
DA:919,0
DA:920,0
DA:921,0
DA:924,0
DA:925,0
DA:928,0
DA:929,0
DA:931,0
DA:932,0
DA:934,0
DA:935,0
DA:936,0
DA:938,0
DA:939,0
DA:940,0
DA:942,0
DA:945,0
DA:950,0
DA:951,0
DA:953,0
DA:959,0
DA:962,0
DA:963,0
DA:964,0
DA:965,0
DA:966,0
DA:970,0
DA:971,0
DA:972,0
DA:975,0
DA:976,0
DA:981,0
DA:982,0
DA:983,0
DA:984,0
DA:985,0
DA:986,0
DA:990,0
DA:991,0
DA:992,0
DA:993,0
DA:994,0
DA:998,0
DA:999,0
DA:1000,0
DA:1001,0
DA:1002,0
DA:1009,0
DA:1010,0
DA:1011,0
DA:1014,0
DA:1015,0
DA:1016,0
DA:1018,0
DA:1019,0
DA:1020,0
DA:1021,0
DA:1023,0
DA:1024,0
DA:1037,0
DA:1038,0
DA:1041,0
DA:1042,0
DA:1044,0
DA:1045,0
DA:1046,0
DA:1047,0
DA:1048,0
DA:1049,0
DA:1050,0
DA:1051,0
DA:1054,0
DA:1055,0
DA:1059,0
DA:1061,0
DA:1065,0
DA:1066,0
DA:1067,0
DA:1069,0
DA:1070,0
DA:1071,0
DA:1073,0
DA:1087,0
DA:1088,0
DA:1091,0
DA:1093,0
DA:1094,0
DA:1096,0
DA:1097,0
DA:1099,0
DA:1112,0
DA:1113,0
DA:1116,0
DA:1118,0
DA:1123,0
DA:1126,0
DA:1128,0
DA:1129,0
DA:1133,0
DA:1134,0
DA:1135,0
DA:1139,0
DA:1140,0
DA:1141,0
DA:1142,0
DA:1145,0
DA:1146,0
DA:1150,0
DA:1156,0
DA:1157,0
DA:1161,0
DA:1169,0
DA:1171,0
DA:1173,0
DA:1174,0
DA:1176,0
DA:1180,0
DA:1183,0
DA:1185,0
DA:1189,0
DA:1193,0
DA:1196,0
DA:1199,0
DA:1200,0
DA:1201,0
DA:1202,0
DA:1206,0
DA:1208,0
DA:1210,0
DA:1211,0
DA:1212,0
DA:1213,0
DA:1216,0
DA:1218,0
DA:1222,0
DA:1223,0
DA:1227,0
DA:1228,0
DA:1229,0
DA:1230,0
DA:1232,0
DA:1233,0
DA:1234,0
DA:1237,0
DA:1241,0
DA:1242,0
DA:1244,0
DA:1245,0
DA:1246,0
DA:1247,0
DA:1248,0
DA:1249,0
DA:1250,0
DA:1251,0
DA:1252,0
DA:1256,0
DA:1257,0
DA:1258,0
DA:1260,0
DA:1264,0
DA:1271,0
DA:1272,0
DA:1273,0
DA:1274,0
DA:1276,0
DA:1279,0
DA:1280,0
DA:1281,0
DA:1282,0
DA:1285,0
DA:1287,0
DA:1288,0
DA:1290,0
DA:1291,0
DA:1292,0
DA:1293,0
DA:1294,0
DA:1296,0
DA:1297,0
DA:1300,0
DA:1302,0
DA:1303,0
DA:1307,0
DA:1309,0
DA:1310,0
DA:1315,0
DA:1316,0
DA:1319,0
DA:1320,0
DA:1321,0
DA:1325,0
DA:1326,0
DA:1327,0
DA:1328,0
DA:1329,0
DA:1330,0
DA:1331,0
DA:1332,0
DA:1335,0
DA:1336,0
DA:1338,0
DA:1345,0
DA:1354,0
DA:1361,0
DA:1366,0
DA:1413,0
DA:1414,0
DA:1421,0
DA:1422,0
DA:1611,0
DA:1644,0
DA:1645,0
DA:1751,0
DA:1830,0
DA:1831,0
DA:1832,0
DA:1833,0
DA:1891,0
LF:627
LH:0
BRDA:115,0,0,0
BRDA:115,0,1,0
BRDA:122,1,0,0
BRDA:122,1,1,0
BRDA:169,2,0,0
BRDA:169,2,1,0
BRDA:180,3,0,0
BRDA:180,3,1,0
BRDA:189,4,0,0
BRDA:189,4,1,0
BRDA:217,5,0,0
BRDA:217,5,1,0
BRDA:217,6,0,0
BRDA:217,6,1,0
BRDA:217,6,2,0
BRDA:242,7,0,0
BRDA:242,7,1,0
BRDA:242,8,0,0
BRDA:242,8,1,0
BRDA:255,9,0,0
BRDA:255,9,1,0
BRDA:289,10,0,0
BRDA:289,10,1,0
BRDA:298,11,0,0
BRDA:298,11,1,0
BRDA:304,12,0,0
BRDA:304,12,1,0
BRDA:316,13,0,0
BRDA:316,13,1,0
BRDA:325,14,0,0
BRDA:325,14,1,0
BRDA:335,15,0,0
BRDA:335,15,1,0
BRDA:346,16,0,0
BRDA:346,16,1,0
BRDA:350,17,0,0
BRDA:350,17,1,0
BRDA:350,18,0,0
BRDA:350,18,1,0
BRDA:358,19,0,0
BRDA:358,19,1,0
BRDA:361,20,0,0
BRDA:361,20,1,0
BRDA:363,21,0,0
BRDA:363,21,1,0
BRDA:365,22,0,0
BRDA:365,22,1,0
BRDA:367,23,0,0
BRDA:367,23,1,0
BRDA:379,24,0,0
BRDA:379,24,1,0
BRDA:379,25,0,0
BRDA:379,25,1,0
BRDA:382,26,0,0
BRDA:382,26,1,0
BRDA:382,26,2,0
BRDA:394,27,0,0
BRDA:394,27,1,0
BRDA:399,28,0,0
BRDA:399,28,1,0
BRDA:410,29,0,0
BRDA:410,29,1,0
BRDA:410,30,0,0
BRDA:410,30,1,0
BRDA:419,31,0,0
BRDA:419,31,1,0
BRDA:429,32,0,0
BRDA:429,32,1,0
BRDA:441,33,0,0
BRDA:441,33,1,0
BRDA:461,34,0,0
BRDA:461,34,1,0
BRDA:463,35,0,0
BRDA:463,35,1,0
BRDA:463,35,2,0
BRDA:466,36,0,0
BRDA:466,36,1,0
BRDA:476,37,0,0
BRDA:476,37,1,0
BRDA:481,38,0,0
BRDA:481,38,1,0
BRDA:488,39,0,0
BRDA:488,39,1,0
BRDA:491,40,0,0
BRDA:491,40,1,0
BRDA:492,41,0,0
BRDA:492,41,1,0
BRDA:492,42,0,0
BRDA:492,42,1,0
BRDA:498,43,0,0
BRDA:498,43,1,0
BRDA:498,44,0,0
BRDA:498,44,1,0
BRDA:508,45,0,0
BRDA:508,45,1,0
BRDA:517,46,0,0
BRDA:517,46,1,0
BRDA:517,47,0,0
BRDA:517,47,1,0
BRDA:524,48,0,0
BRDA:524,48,1,0
BRDA:526,49,0,0
BRDA:526,49,1,0
BRDA:526,49,2,0
BRDA:527,50,0,0
BRDA:527,50,1,0
BRDA:540,51,0,0
BRDA:540,51,1,0
BRDA:544,52,0,0
BRDA:544,52,1,0
BRDA:545,53,0,0
BRDA:545,53,1,0
BRDA:548,54,0,0
BRDA:548,54,1,0
BRDA:552,55,0,0
BRDA:552,55,1,0
BRDA:563,56,0,0
BRDA:563,56,1,0
BRDA:563,57,0,0
BRDA:563,57,1,0
BRDA:574,58,0,0
BRDA:574,58,1,0
BRDA:576,59,0,0
BRDA:576,59,1,0
BRDA:578,60,0,0
BRDA:578,60,1,0
BRDA:578,61,0,0
BRDA:578,61,1,0
BRDA:585,62,0,0
BRDA:585,62,1,0
BRDA:590,63,0,0
BRDA:590,63,1,0
BRDA:600,64,0,0
BRDA:600,64,1,0
BRDA:611,65,0,0
BRDA:611,65,1,0
BRDA:613,66,0,0
BRDA:613,66,1,0
BRDA:613,66,2,0
BRDA:616,67,0,0
BRDA:616,67,1,0
BRDA:629,68,0,0
BRDA:629,68,1,0
BRDA:633,69,0,0
BRDA:633,69,1,0
BRDA:634,70,0,0
BRDA:634,70,1,0
BRDA:637,71,0,0
BRDA:637,71,1,0
BRDA:641,72,0,0
BRDA:641,72,1,0
BRDA:653,73,0,0
BRDA:653,73,1,0
BRDA:653,74,0,0
BRDA:653,74,1,0
BRDA:665,75,0,0
BRDA:665,75,1,0
BRDA:667,76,0,0
BRDA:667,76,1,0
BRDA:668,77,0,0
BRDA:668,77,1,0
BRDA:668,78,0,0
BRDA:668,78,1,0
BRDA:675,79,0,0
BRDA:675,79,1,0
BRDA:680,80,0,0
BRDA:680,80,1,0
BRDA:701,81,0,0
BRDA:701,81,1,0
BRDA:717,82,0,0
BRDA:717,82,1,0
BRDA:738,83,0,0
BRDA:738,83,1,0
BRDA:760,84,0,0
BRDA:760,84,1,0
BRDA:770,85,0,0
BRDA:770,85,1,0
BRDA:770,86,0,0
BRDA:770,86,1,0
BRDA:781,87,0,0
BRDA:781,87,1,0
BRDA:796,88,0,0
BRDA:796,88,1,0
BRDA:800,89,0,0
BRDA:800,89,1,0
BRDA:800,90,0,0
BRDA:800,90,1,0
BRDA:800,90,2,0
BRDA:807,91,0,0
BRDA:807,91,1,0
BRDA:807,92,0,0
BRDA:807,92,1,0
BRDA:807,92,2,0
BRDA:832,93,0,0
BRDA:832,93,1,0
BRDA:847,94,0,0
BRDA:847,94,1,0
BRDA:854,95,0,0
BRDA:854,95,1,0
BRDA:869,96,0,0
BRDA:869,96,1,0
BRDA:874,97,0,0
BRDA:874,97,1,0
BRDA:883,98,0,0
BRDA:883,98,1,0
BRDA:883,99,0,0
BRDA:883,99,1,0
BRDA:886,100,0,0
BRDA:886,100,1,0
BRDA:887,101,0,0
BRDA:887,101,1,0
BRDA:887,101,2,0
BRDA:900,102,0,0
BRDA:900,102,1,0
BRDA:910,103,0,0
BRDA:910,103,1,0
BRDA:931,104,0,0
BRDA:931,104,1,0
BRDA:931,105,0,0
BRDA:931,105,1,0
BRDA:934,106,0,0
BRDA:934,106,1,0
BRDA:938,107,0,0
BRDA:938,107,1,0
BRDA:938,108,0,0
BRDA:938,108,1,0
BRDA:938,108,2,0
BRDA:950,109,0,0
BRDA:950,109,1,0
BRDA:963,110,0,0
BRDA:963,110,1,0
BRDA:965,111,0,0
BRDA:965,111,1,0
BRDA:982,112,0,0
BRDA:982,112,1,0
BRDA:982,113,0,0
BRDA:982,113,1,0
BRDA:991,114,0,0
BRDA:991,114,1,0
BRDA:991,115,0,0
BRDA:991,115,1,0
BRDA:1001,116,0,0
BRDA:1001,116,1,0
BRDA:1037,117,0,0
BRDA:1037,117,1,0
BRDA:1045,118,0,0
BRDA:1045,118,1,0
BRDA:1047,119,0,0
BRDA:1047,119,1,0
BRDA:1048,120,0,0
BRDA:1048,120,1,0
BRDA:1050,121,0,0
BRDA:1050,121,1,0
BRDA:1054,122,0,0
BRDA:1054,122,1,0
BRDA:1065,123,0,0
BRDA:1065,123,1,0
BRDA:1069,124,0,0
BRDA:1069,124,1,0
BRDA:1087,125,0,0
BRDA:1087,125,1,0
BRDA:1096,126,0,0
BRDA:1096,126,1,0
BRDA:1112,127,0,0
BRDA:1112,127,1,0
BRDA:1123,128,0,0
BRDA:1123,128,1,0
BRDA:1123,129,0,0
BRDA:1123,129,1,0
BRDA:1126,130,0,0
BRDA:1126,130,1,0
BRDA:1126,130,2,0
BRDA:1128,131,0,0
BRDA:1128,131,1,0
BRDA:1128,131,2,0
BRDA:1133,132,0,0
BRDA:1133,132,1,0
BRDA:1135,133,0,0
BRDA:1135,133,1,0
BRDA:1136,134,0,0
BRDA:1136,134,1,0
BRDA:1139,135,0,0
BRDA:1139,135,1,0
BRDA:1141,136,0,0
BRDA:1141,136,1,0
BRDA:1145,137,0,0
BRDA:1145,137,1,0
BRDA:1156,138,0,0
BRDA:1156,138,1,0
BRDA:1161,139,0,0
BRDA:1161,139,1,0
BRDA:1161,139,2,0
BRDA:1161,139,3,0
BRDA:1161,139,4,0
BRDA:1161,139,5,0
BRDA:1161,139,6,0
BRDA:1169,140,0,0
BRDA:1169,140,1,0
BRDA:1183,141,0,0
BRDA:1183,141,1,0
BRDA:1185,142,0,0
BRDA:1185,142,1,0
BRDA:1189,143,0,0
BRDA:1189,143,1,0
BRDA:1208,144,0,0
BRDA:1208,144,1,0
BRDA:1242,145,0,0
BRDA:1242,145,1,0
BRDA:1244,146,0,0
BRDA:1244,146,1,0
BRDA:1244,147,0,0
BRDA:1244,147,1,0
BRDA:1248,148,0,0
BRDA:1248,148,1,0
BRDA:1248,149,0,0
BRDA:1248,149,1,0
BRDA:1257,150,0,0
BRDA:1257,150,1,0
BRDA:1260,151,0,0
BRDA:1260,151,1,0
BRDA:1261,152,0,0
BRDA:1261,152,1,0
BRDA:1261,152,2,0
BRDA:1261,152,3,0
BRDA:1273,153,0,0
BRDA:1273,153,1,0
BRDA:1280,154,0,0
BRDA:1280,154,1,0
BRDA:1290,155,0,0
BRDA:1290,155,1,0
BRDA:1290,156,0,0
BRDA:1290,156,1,0
BRDA:1290,156,2,0
BRDA:1320,157,0,0
BRDA:1320,157,1,0
BRDA:1336,158,0,0
BRDA:1336,158,1,0
BRDA:1336,158,2,0
BRDA:1336,158,3,0
BRDA:1347,159,0,0
BRDA:1347,159,1,0
BRDA:1384,160,0,0
BRDA:1384,160,1,0
BRDA:1405,161,0,0
BRDA:1405,161,1,0
BRDA:1414,162,0,0
BRDA:1414,162,1,0
BRDA:1449,163,0,0
BRDA:1449,163,1,0
BRDA:1454,164,0,0
BRDA:1454,164,1,0
BRDA:1468,165,0,0
BRDA:1468,165,1,0
BRDA:1473,166,0,0
BRDA:1473,166,1,0
BRDA:1484,167,0,0
BRDA:1484,167,1,0
BRDA:1498,168,0,0
BRDA:1498,168,1,0
BRDA:1502,169,0,0
BRDA:1502,169,1,0
BRDA:1502,170,0,0
BRDA:1502,170,1,0
BRDA:1507,171,0,0
BRDA:1507,171,1,0
BRDA:1510,172,0,0
BRDA:1510,172,1,0
BRDA:1535,173,0,0
BRDA:1535,173,1,0
BRDA:1538,174,0,0
BRDA:1538,174,1,0
BRDA:1563,175,0,0
BRDA:1563,175,1,0
BRDA:1579,176,0,0
BRDA:1579,176,1,0
BRDA:1584,177,0,0
BRDA:1584,177,1,0
BRDA:1611,178,0,0
BRDA:1611,178,1,0
BRDA:1633,179,0,0
BRDA:1633,179,1,0
BRDA:1669,180,0,0
BRDA:1669,180,1,0
BRDA:1706,181,0,0
BRDA:1706,181,1,0
BRDA:1744,182,0,0
BRDA:1744,182,1,0
BRDA:1744,183,0,0
BRDA:1744,183,1,0
BRDA:1754,184,0,0
BRDA:1754,184,1,0
BRDA:1758,185,0,0
BRDA:1758,185,1,0
BRDA:1765,186,0,0
BRDA:1765,186,1,0
BRDA:1765,187,0,0
BRDA:1765,187,1,0
BRDA:1770,188,0,0
BRDA:1770,188,1,0
BRDA:1770,188,2,0
BRDA:1772,189,0,0
BRDA:1772,189,1,0
BRDA:1775,190,0,0
BRDA:1775,190,1,0
BRDA:1775,190,2,0
BRDA:1794,191,0,0
BRDA:1794,191,1,0
BRDA:1794,192,0,0
BRDA:1794,192,1,0
BRDA:1799,193,0,0
BRDA:1799,193,1,0
BRDA:1803,194,0,0
BRDA:1803,194,1,0
BRDA:1822,195,0,0
BRDA:1822,195,1,0
BRDA:1847,196,0,0
BRDA:1847,196,1,0
BRDA:1868,197,0,0
BRDA:1868,197,1,0
BRDA:1870,198,0,0
BRDA:1870,198,1,0
BRDA:1874,199,0,0
BRDA:1874,199,1,0
BRDA:1883,200,0,0
BRDA:1883,200,1,0
BRDA:1893,201,0,0
BRDA:1893,201,1,0
BRDA:1896,202,0,0
BRDA:1896,202,1,0
BRDA:1906,203,0,0
BRDA:1906,203,1,0
BRDA:1908,204,0,0
BRDA:1908,204,1,0
BRDA:1912,205,0,0
BRDA:1912,205,1,0
BRDA:1913,206,0,0
BRDA:1913,206,1,0
BRDA:1918,207,0,0
BRDA:1918,207,1,0
BRDA:1923,208,0,0
BRDA:1923,208,1,0
BRDA:1926,209,0,0
BRDA:1926,209,1,0
BRF:443
BRH:0
end_of_record
TN:
SF:src\pages\Dashboard Light Mode\dashboard-light.tsx
FN:46,DashboardLight
FN:62,(anonymous_1)
FN:104,(anonymous_2)
FN:129,(anonymous_3)
FN:137,(anonymous_4)
FN:142,(anonymous_5)
FN:161,(anonymous_6)
FN:198,(anonymous_7)
FN:424,(anonymous_8)
FN:461,(anonymous_9)
FN:496,(anonymous_10)
FN:555,(anonymous_11)
FN:580,(anonymous_12)
FN:603,(anonymous_13)
FN:616,(anonymous_14)
FN:636,(anonymous_15)
FN:664,(anonymous_16)
FN:705,(anonymous_17)
FN:784,(anonymous_18)
FN:794,(anonymous_19)
FN:805,(anonymous_20)
FN:809,(anonymous_21)
FNF:22
FNH:0
FNDA:0,DashboardLight
FNDA:0,(anonymous_1)
FNDA:0,(anonymous_2)
FNDA:0,(anonymous_3)
FNDA:0,(anonymous_4)
FNDA:0,(anonymous_5)
FNDA:0,(anonymous_6)
FNDA:0,(anonymous_7)
FNDA:0,(anonymous_8)
FNDA:0,(anonymous_9)
FNDA:0,(anonymous_10)
FNDA:0,(anonymous_11)
FNDA:0,(anonymous_12)
FNDA:0,(anonymous_13)
FNDA:0,(anonymous_14)
FNDA:0,(anonymous_15)
FNDA:0,(anonymous_16)
FNDA:0,(anonymous_17)
FNDA:0,(anonymous_18)
FNDA:0,(anonymous_19)
FNDA:0,(anonymous_20)
FNDA:0,(anonymous_21)
DA:3,0
DA:4,0
DA:5,0
DA:6,0
DA:7,0
DA:14,0
DA:15,0
DA:32,0
DA:33,0
DA:34,0
DA:35,0
DA:36,0
DA:37,0
DA:46,0
DA:51,0
DA:52,0
DA:53,0
DA:54,0
DA:55,0
DA:57,0
DA:59,0
DA:60,0
DA:62,0
DA:63,0
DA:64,0
DA:76,0
DA:84,0
DA:92,0
DA:94,0
DA:95,0
DA:104,0
DA:105,0
DA:106,0
DA:114,0
DA:129,0
DA:137,0
DA:142,0
DA:143,0
DA:145,0
DA:162,0
DA:163,0
DA:199,0
DA:200,0
DA:201,0
DA:218,0
DA:424,0
DA:462,0
DA:496,0
DA:556,0
DA:581,0
DA:603,0
DA:617,0
DA:637,0
DA:665,0
DA:706,0
DA:785,0
DA:794,0
DA:806,0
DA:811,0
DA:812,0
DA:813,0
DA:814,0
LF:62
LH:0
BRDA:63,0,0,0
BRDA:63,0,1,0
BRDA:105,1,0,0
BRDA:105,1,1,0
BRDA:129,2,0,0
BRDA:129,2,1,0
BRDA:137,3,0,0
BRDA:137,3,1,0
BRDA:151,4,0,0
BRDA:151,4,1,0
BRDA:168,5,0,0
BRDA:168,5,1,0
BRDA:200,6,0,0
BRDA:200,6,1,0
BRDA:200,7,0,0
BRDA:200,7,1,0
BRDA:231,8,0,0
BRDA:231,8,1,0
BRDA:251,9,0,0
BRDA:251,9,1,0
BRDA:256,10,0,0
BRDA:256,10,1,0
BRDA:290,11,0,0
BRDA:290,11,1,0
BRDA:328,12,0,0
BRDA:328,12,1,0
BRDA:374,13,0,0
BRDA:374,13,1,0
BRDA:403,14,0,0
BRDA:403,14,1,0
BRDA:416,15,0,0
BRDA:416,15,1,0
BRDA:421,16,0,0
BRDA:421,16,1,0
BRDA:433,17,0,0
BRDA:433,17,1,0
BRDA:440,18,0,0
BRDA:440,18,1,0
BRDA:489,19,0,0
BRDA:489,19,1,0
BRDA:556,20,0,0
BRDA:556,20,1,0
BRDA:556,20,2,0
BRDA:556,20,3,0
BRDA:651,21,0,0
BRDA:651,21,1,0
BRDA:670,22,0,0
BRDA:670,22,1,0
BRDA:670,22,2,0
BRDA:684,23,0,0
BRDA:684,23,1,0
BRDA:695,24,0,0
BRDA:695,24,1,0
BRDA:739,25,0,0
BRDA:739,25,1,0
BRDA:747,26,0,0
BRDA:747,26,1,0
BRDA:754,27,0,0
BRDA:754,27,1,0
BRDA:769,28,0,0
BRDA:769,28,1,0
BRDA:785,29,0,0
BRDA:785,29,1,0
BRDA:794,30,0,0
BRDA:794,30,1,0
BRDA:811,31,0,0
BRDA:811,31,1,0
BRDA:812,32,0,0
BRDA:812,32,1,0
BRDA:813,33,0,0
BRDA:813,33,1,0
BRDA:814,34,0,0
BRDA:814,34,1,0
BRDA:828,35,0,0
BRDA:828,35,1,0
BRDA:833,36,0,0
BRDA:833,36,1,0
BRDA:842,37,0,0
BRDA:842,37,1,0
BRDA:847,38,0,0
BRDA:847,38,1,0
BRDA:858,39,0,0
BRDA:858,39,1,0
BRDA:860,40,0,0
BRDA:860,40,1,0
BRDA:865,41,0,0
BRDA:865,41,1,0
BRDA:807,42,0,0
BRDA:807,42,1,0
BRF:89
BRH:0
end_of_record
TN:
SF:src\pages\Dashboard Light Mode\editor-light-page.tsx
FN:14,EditorLightPage
FN:25,(anonymous_1)
FN:71,(anonymous_2)
FN:83,(anonymous_3)
FNF:4
FNH:0
FNDA:0,EditorLightPage
FNDA:0,(anonymous_1)
FNDA:0,(anonymous_2)
FNDA:0,(anonymous_3)
DA:2,0
DA:3,0
DA:4,0
DA:14,0
DA:21,0
DA:22,0
DA:23,0
DA:25,0
DA:31,0
DA:33,0
DA:34,0
DA:37,0
DA:38,0
DA:40,0
DA:42,0
DA:43,0
DA:48,0
DA:52,0
DA:62,0
DA:63,0
DA:64,0
DA:65,0
DA:71,0
DA:72,0
DA:75,0
DA:83,0
DA:89,0
DA:96,0
DA:97,0
LF:29
LH:0
BRDA:31,0,0,0
BRDA:31,0,1,0
BRDA:31,1,0,0
BRDA:31,1,1,0
BRDA:38,2,0,0
BRDA:38,2,1,0
BRDA:40,3,0,0
BRDA:40,3,1,0
BRDA:43,4,0,0
BRDA:43,4,1,0
BRDA:44,5,0,0
BRDA:44,5,1,0
BRDA:53,6,0,0
BRDA:53,6,1,0
BRDA:54,7,0,0
BRDA:54,7,1,0
BRDA:63,8,0,0
BRDA:63,8,1,0
BRF:18
BRH:0
end_of_record
TN:
SF:src\pages\Dashboard Light Mode\glossary.tsx
FN:17,Component
FN:26,(anonymous_1)
FN:27,(anonymous_2)
FN:33,(anonymous_3)
FN:37,(anonymous_4)
FN:229,(anonymous_5)
FN:238,(anonymous_6)
FN:463,(anonymous_7)
FN:472,(anonymous_8)
FNF:9
FNH:0
FNDA:0,Component
FNDA:0,(anonymous_1)
FNDA:0,(anonymous_2)
FNDA:0,(anonymous_3)
FNDA:0,(anonymous_4)
FNDA:0,(anonymous_5)
FNDA:0,(anonymous_6)
FNDA:0,(anonymous_7)
FNDA:0,(anonymous_8)
DA:3,0
DA:4,0
DA:5,0
DA:14,0
DA:15,0
DA:17,0
DA:18,0
DA:19,0
DA:26,0
DA:27,0
DA:33,0
DA:34,0
DA:37,0
DA:39,0
DA:42,0
DA:229,0
DA:239,0
DA:240,0
DA:463,0
DA:473,0
DA:474,0
LF:21
LH:0
BRDA:262,0,0,0
BRDA:262,0,1,0
BRDA:269,1,0,0
BRDA:269,1,1,0
BRDA:483,2,0,0
BRDA:483,2,1,0
BRDA:491,3,0,0
BRDA:491,3,1,0
BRF:8
BRH:0
end_of_record
TN:
SF:src\pages\Dashboard Light Mode\leaderboard-light.tsx
FN:7,(anonymous_0)
FN:12,(anonymous_1)
FN:33,(anonymous_2)
FN:37,(anonymous_3)
FN:44,(anonymous_4)
FN:49,(anonymous_5)
FN:70,(anonymous_6)
FN:74,(anonymous_7)
FN:81,LeaderboardScreen
FN:97,(anonymous_9)
FN:101,(anonymous_10)
FN:114,(anonymous_11)
FN:127,(anonymous_12)
FN:135,(anonymous_13)
FN:206,(anonymous_14)
FN:217,(anonymous_15)
FN:232,(anonymous_16)
FN:238,(anonymous_17)
FN:290,(anonymous_18)
FN:296,(anonymous_19)
FN:363,(anonymous_20)
FN:492,(anonymous_21)
FN:496,(anonymous_22)
FN:500,(anonymous_23)
FNF:24
FNH:0
FNDA:0,(anonymous_0)
FNDA:0,(anonymous_1)
FNDA:0,(anonymous_2)
FNDA:0,(anonymous_3)
FNDA:0,(anonymous_4)
FNDA:0,(anonymous_5)
FNDA:0,(anonymous_6)
FNDA:0,(anonymous_7)
FNDA:0,LeaderboardScreen
FNDA:0,(anonymous_9)
FNDA:0,(anonymous_10)
FNDA:0,(anonymous_11)
FNDA:0,(anonymous_12)
FNDA:0,(anonymous_13)
FNDA:0,(anonymous_14)
FNDA:0,(anonymous_15)
FNDA:0,(anonymous_16)
FNDA:0,(anonymous_17)
FNDA:0,(anonymous_18)
FNDA:0,(anonymous_19)
FNDA:0,(anonymous_20)
FNDA:0,(anonymous_21)
FNDA:0,(anonymous_22)
FNDA:0,(anonymous_23)
DA:1,0
DA:2,0
DA:5,0
DA:7,0
DA:8,0
DA:9,0
DA:10,0
DA:12,0
DA:13,0
DA:14,0
DA:15,0
DA:17,0
DA:19,0
DA:20,0
DA:23,0
DA:24,0
DA:26,0
DA:27,0
DA:29,0
DA:33,0
DA:34,0
DA:37,0
DA:38,0
DA:41,0
DA:44,0
DA:45,0
DA:46,0
DA:47,0
DA:49,0
DA:50,0
DA:51,0
DA:52,0
DA:54,0
DA:56,0
DA:57,0
DA:60,0
DA:61,0
DA:63,0
DA:64,0
DA:66,0
DA:70,0
DA:71,0
DA:74,0
DA:75,0
DA:78,0
DA:81,0
DA:82,0
DA:83,0
DA:84,0
DA:85,0
DA:88,0
DA:89,0
DA:92,0
DA:93,0
DA:94,0
DA:95,0
DA:97,0
DA:98,0
DA:101,0
DA:102,0
DA:104,0
DA:106,0
DA:108,0
DA:110,0
DA:114,0
DA:115,0
DA:117,0
DA:119,0
DA:121,0
DA:123,0
DA:127,0
DA:128,0
DA:135,0
DA:136,0
DA:137,0
DA:141,0
DA:142,0
DA:163,0
DA:206,0
DA:217,0
DA:232,0
DA:238,0
DA:290,0
DA:296,0
DA:364,0
DA:494,0
DA:497,0
DA:500,0
DA:503,0
LF:89
LH:0
BRDA:19,0,0,0
BRDA:19,0,1,0
BRDA:24,1,0,0
BRDA:24,1,1,0
BRDA:56,2,0,0
BRDA:56,2,1,0
BRDA:61,3,0,0
BRDA:61,3,1,0
BRDA:92,4,0,0
BRDA:92,4,1,0
BRDA:102,5,0,0
BRDA:102,5,1,0
BRDA:102,5,2,0
BRDA:102,5,3,0
BRDA:115,6,0,0
BRDA:115,6,1,0
BRDA:115,6,2,0
BRDA:115,6,3,0
BRDA:141,7,0,0
BRDA:141,7,1,0
BRDA:187,8,0,0
BRDA:187,8,1,0
BRDA:202,9,0,0
BRDA:202,9,1,0
BRDA:213,10,0,0
BRDA:213,10,1,0
BRDA:277,11,0,0
BRDA:277,11,1,0
BRDA:287,12,0,0
BRDA:287,12,1,0
BRDA:289,13,0,0
BRDA:289,13,1,0
BRDA:295,14,0,0
BRDA:295,14,1,0
BRDA:320,15,0,0
BRDA:320,15,1,0
BRDA:335,16,0,0
BRDA:335,16,1,0
BRDA:340,17,0,0
BRDA:340,17,1,0
BRDA:347,18,0,0
BRDA:347,18,1,0
BRDA:367,19,0,0
BRDA:367,19,1,0
BRDA:389,20,0,0
BRDA:389,20,1,0
BRDA:422,21,0,0
BRDA:422,21,1,0
BRDA:427,22,0,0
BRDA:427,22,1,0
BRDA:435,23,0,0
BRDA:435,23,1,0
BRDA:435,23,2,0
BRDA:442,24,0,0
BRDA:442,24,1,0
BRDA:465,25,0,0
BRDA:465,25,1,0
BRDA:471,26,0,0
BRDA:471,26,1,0
BRDA:494,27,0,0
BRDA:494,27,1,0
BRDA:504,28,0,0
BRDA:504,28,1,0
BRDA:510,29,0,0
BRDA:510,29,1,0
BRF:65
BRH:0
end_of_record
TN:
SF:src\pages\Dashboard Light Mode\quiz-review-light.tsx
FN:31,QuizReviewLight
FN:53,(anonymous_1)
FN:64,(anonymous_2)
FN:69,(anonymous_3)
FN:92,(anonymous_4)
FN:95,(anonymous_5)
FN:104,(anonymous_6)
FN:109,(anonymous_7)
FN:122,(anonymous_8)
FN:126,(anonymous_9)
FN:185,(anonymous_10)
FN:206,(anonymous_11)
FN:264,(anonymous_12)
FN:286,(anonymous_13)
FN:369,(anonymous_14)
FN:501,(anonymous_15)
FN:514,(anonymous_16)
FN:520,(anonymous_17)
FN:591,(anonymous_18)
FN:617,(anonymous_19)
FNF:20
FNH:0
FNDA:0,QuizReviewLight
FNDA:0,(anonymous_1)
FNDA:0,(anonymous_2)
FNDA:0,(anonymous_3)
FNDA:0,(anonymous_4)
FNDA:0,(anonymous_5)
FNDA:0,(anonymous_6)
FNDA:0,(anonymous_7)
FNDA:0,(anonymous_8)
FNDA:0,(anonymous_9)
FNDA:0,(anonymous_10)
FNDA:0,(anonymous_11)
FNDA:0,(anonymous_12)
FNDA:0,(anonymous_13)
FNDA:0,(anonymous_14)
FNDA:0,(anonymous_15)
FNDA:0,(anonymous_16)
FNDA:0,(anonymous_17)
FNDA:0,(anonymous_18)
FNDA:0,(anonymous_19)
DA:3,0
DA:4,0
DA:5,0
DA:6,0
DA:7,0
DA:25,0
DA:26,0
DA:27,0
DA:28,0
DA:29,0
DA:31,0
DA:32,0
DA:33,0
DA:34,0
DA:35,0
DA:36,0
DA:47,0
DA:49,0
DA:50,0
DA:51,0
DA:53,0
DA:54,0
DA:55,0
DA:56,0
DA:58,0
DA:59,0
DA:60,0
DA:64,0
DA:65,0
DA:67,0
DA:69,0
DA:70,0
DA:72,0
DA:73,0
DA:75,0
DA:77,0
DA:78,0
DA:80,0
DA:82,0
DA:83,0
DA:86,0
DA:87,0
DA:91,0
DA:92,0
DA:95,0
DA:96,0
DA:100,0
DA:101,0
DA:104,0
DA:105,0
DA:106,0
DA:109,0
DA:110,0
DA:112,0
DA:114,0
DA:116,0
DA:118,0
DA:122,0
DA:123,0
DA:125,0
DA:126,0
DA:129,0
DA:137,0
DA:138,0
DA:163,0
DA:164,0
DA:185,0
DA:207,0
DA:221,0
DA:222,0
DA:237,0
DA:238,0
DA:239,0
DA:240,0
DA:241,0
DA:243,0
DA:250,0
DA:265,0
DA:286,0
DA:370,0
DA:372,0
DA:374,0
DA:376,0
DA:377,0
DA:379,0
DA:380,0
DA:382,0
DA:385,0
DA:386,0
DA:388,0
DA:391,0
DA:501,0
DA:515,0
DA:517,0
DA:521,0
DA:522,0
DA:591,0
DA:617,0
LF:98
LH:0
BRDA:58,0,0,0
BRDA:58,0,1,0
BRDA:58,1,0,0
BRDA:58,1,1,0
BRDA:58,1,2,0
BRDA:65,2,0,0
BRDA:65,2,1,0
BRDA:70,3,0,0
BRDA:70,3,1,0
BRDA:70,3,2,0
BRDA:70,3,3,0
BRDA:70,3,4,0
BRDA:72,4,0,0
BRDA:72,4,1,0
BRDA:77,5,0,0
BRDA:77,5,1,0
BRDA:96,6,0,0
BRDA:96,6,1,0
BRDA:97,7,0,0
BRDA:97,7,1,0
BRDA:105,8,0,0
BRDA:105,8,1,0
BRDA:110,9,0,0
BRDA:110,9,1,0
BRDA:110,9,2,0
BRDA:110,9,3,0
BRDA:123,10,0,0
BRDA:123,10,1,0
BRDA:130,11,0,0
BRDA:130,11,1,0
BRDA:131,12,0,0
BRDA:131,12,1,0
BRDA:132,13,0,0
BRDA:132,13,1,0
BRDA:133,14,0,0
BRDA:133,14,1,0
BRDA:137,15,0,0
BRDA:137,15,1,0
BRDA:137,16,0,0
BRDA:137,16,1,0
BRDA:137,16,2,0
BRDA:144,17,0,0
BRDA:144,17,1,0
BRDA:146,18,0,0
BRDA:146,18,1,0
BRDA:151,19,0,0
BRDA:151,19,1,0
BRDA:153,20,0,0
BRDA:153,20,1,0
BRDA:163,21,0,0
BRDA:163,21,1,0
BRDA:163,22,0,0
BRDA:163,22,1,0
BRDA:163,22,2,0
BRDA:163,22,3,0
BRDA:163,22,4,0
BRDA:172,23,0,0
BRDA:172,23,1,0
BRDA:177,24,0,0
BRDA:177,24,1,0
BRDA:179,25,0,0
BRDA:179,25,1,0
BRDA:183,26,0,0
BRDA:183,26,1,0
BRDA:196,27,0,0
BRDA:196,27,1,0
BRDA:201,28,0,0
BRDA:201,28,1,0
BRDA:221,29,0,0
BRDA:221,29,1,0
BRDA:221,30,0,0
BRDA:221,30,1,0
BRDA:289,31,0,0
BRDA:289,31,1,0
BRDA:325,32,0,0
BRDA:325,32,1,0
BRDA:330,33,0,0
BRDA:330,33,1,0
BRDA:339,34,0,0
BRDA:339,34,1,0
BRDA:344,35,0,0
BRDA:344,35,1,0
BRDA:379,36,0,0
BRDA:379,36,1,0
BRDA:385,37,0,0
BRDA:385,37,1,0
BRDA:385,38,0,0
BRDA:385,38,1,0
BRDA:405,39,0,0
BRDA:405,39,1,0
BRDA:413,40,0,0
BRDA:413,40,1,0
BRDA:428,41,0,0
BRDA:428,41,1,0
BRDA:428,41,2,0
BRDA:475,42,0,0
BRDA:475,42,1,0
BRDA:480,43,0,0
BRDA:480,43,1,0
BRDA:491,44,0,0
BRDA:491,44,1,0
BRDA:494,45,0,0
BRDA:494,45,1,0
BRDA:525,46,0,0
BRDA:525,46,1,0
BRDA:527,47,0,0
BRDA:527,47,1,0
BRDA:533,48,0,0
BRDA:533,48,1,0
BRDA:594,49,0,0
BRDA:594,49,1,0
BRDA:614,50,0,0
BRDA:614,50,1,0
BRF:113
BRH:0
end_of_record
TN:
SF:src\pages\Dashboard Light Mode\quiz-taker-light.tsx
FN:29,QuizTakerLight
FN:77,(anonymous_1)
FN:80,(anonymous_2)
FN:87,(anonymous_3)
FN:95,(anonymous_4)
FN:106,(anonymous_5)
FN:117,(anonymous_6)
FN:128,(anonymous_7)
FN:144,(anonymous_8)
FN:159,(anonymous_9)
FN:161,(anonymous_10)
FN:165,(anonymous_11)
FN:168,(anonymous_12)
FN:173,(anonymous_13)
FN:222,(anonymous_14)
FN:271,(anonymous_15)
FN:288,(anonymous_16)
FN:304,(anonymous_17)
FN:317,(anonymous_18)
FN:325,(anonymous_19)
FN:335,(anonymous_20)
FN:351,(anonymous_21)
FN:356,(anonymous_22)
FN:361,(anonymous_23)
FN:374,(anonymous_24)
FN:382,(anonymous_25)
FN:396,(anonymous_26)
FN:397,(anonymous_27)
FN:446,(anonymous_28)
FN:467,(anonymous_29)
FN:553,(anonymous_30)
FN:675,(anonymous_31)
FN:701,(anonymous_32)
FN:722,(anonymous_33)
FN:725,(anonymous_34)
FN:779,(anonymous_35)
FN:856,(anonymous_36)
FN:944,(anonymous_37)
FN:947,(anonymous_38)
FN:983,(anonymous_39)
FN:986,(anonymous_40)
FN:1090,(anonymous_41)
FNF:42
FNH:0
FNDA:0,QuizTakerLight
FNDA:0,(anonymous_1)
FNDA:0,(anonymous_2)
FNDA:0,(anonymous_3)
FNDA:0,(anonymous_4)
FNDA:0,(anonymous_5)
FNDA:0,(anonymous_6)
FNDA:0,(anonymous_7)
FNDA:0,(anonymous_8)
FNDA:0,(anonymous_9)
FNDA:0,(anonymous_10)
FNDA:0,(anonymous_11)
FNDA:0,(anonymous_12)
FNDA:0,(anonymous_13)
FNDA:0,(anonymous_14)
FNDA:0,(anonymous_15)
FNDA:0,(anonymous_16)
FNDA:0,(anonymous_17)
FNDA:0,(anonymous_18)
FNDA:0,(anonymous_19)
FNDA:0,(anonymous_20)
FNDA:0,(anonymous_21)
FNDA:0,(anonymous_22)
FNDA:0,(anonymous_23)
FNDA:0,(anonymous_24)
FNDA:0,(anonymous_25)
FNDA:0,(anonymous_26)
FNDA:0,(anonymous_27)
FNDA:0,(anonymous_28)
FNDA:0,(anonymous_29)
FNDA:0,(anonymous_30)
FNDA:0,(anonymous_31)
FNDA:0,(anonymous_32)
FNDA:0,(anonymous_33)
FNDA:0,(anonymous_34)
FNDA:0,(anonymous_35)
FNDA:0,(anonymous_36)
FNDA:0,(anonymous_37)
FNDA:0,(anonymous_38)
FNDA:0,(anonymous_39)
FNDA:0,(anonymous_40)
FNDA:0,(anonymous_41)
DA:3,0
DA:4,0
DA:5,0
DA:6,0
DA:7,0
DA:23,0
DA:24,0
DA:25,0
DA:26,0
DA:27,0
DA:29,0
DA:30,0
DA:31,0
DA:32,0
DA:33,0
DA:36,0
DA:52,0
DA:55,0
DA:56,0
DA:59,0
DA:60,0
DA:61,0
DA:62,0
DA:65,0
DA:66,0
DA:67,0
DA:68,0
DA:69,0
DA:72,0
DA:73,0
DA:76,0
DA:77,0
DA:80,0
DA:81,0
DA:82,0
DA:87,0
DA:88,0
DA:89,0
DA:90,0
DA:91,0
DA:95,0
DA:96,0
DA:98,0
DA:99,0
DA:100,0
DA:102,0
DA:106,0
DA:107,0
DA:109,0
DA:112,0
DA:113,0
DA:117,0
DA:118,0
DA:119,0
DA:123,0
DA:124,0
DA:128,0
DA:129,0
DA:131,0
DA:134,0
DA:135,0
DA:136,0
DA:137,0
DA:139,0
DA:144,0
DA:145,0
DA:146,0
DA:147,0
DA:159,0
DA:160,0
DA:161,0
DA:165,0
DA:166,0
DA:167,0
DA:168,0
DA:173,0
DA:177,0
DA:179,0
DA:180,0
DA:181,0
DA:182,0
DA:183,0
DA:184,0
DA:187,0
DA:188,0
DA:190,0
DA:191,0
DA:197,0
DA:201,0
DA:202,0
DA:208,0
DA:209,0
DA:210,0
DA:212,0
DA:213,0
DA:214,0
DA:215,0
DA:218,0
DA:219,0
DA:220,0
DA:222,0
DA:228,0
DA:229,0
DA:230,0
DA:233,0
DA:238,0
DA:239,0
DA:242,0
DA:243,0
DA:244,0
DA:245,0
DA:249,0
DA:250,0
DA:251,0
DA:255,0
DA:257,0
DA:258,0
DA:259,0
DA:260,0
DA:262,0
DA:266,0
DA:271,0
DA:272,0
DA:275,0
DA:276,0
DA:279,0
DA:280,0
DA:281,0
DA:283,0
DA:284,0
DA:288,0
DA:289,0
DA:291,0
DA:293,0
DA:294,0
DA:295,0
DA:300,0
DA:304,0
DA:305,0
DA:306,0
DA:308,0
DA:309,0
DA:310,0
DA:312,0
DA:313,0
DA:317,0
DA:318,0
DA:319,0
DA:320,0
DA:325,0
DA:326,0
DA:327,0
DA:330,0
DA:331,0
DA:332,0
DA:335,0
DA:340,0
DA:351,0
DA:352,0
DA:353,0
DA:356,0
DA:357,0
DA:358,0
DA:361,0
DA:362,0
DA:363,0
DA:364,0
DA:366,0
DA:367,0
DA:369,0
DA:371,0
DA:374,0
DA:375,0
DA:376,0
DA:377,0
DA:378,0
DA:379,0
DA:382,0
DA:383,0
DA:385,0
DA:387,0
DA:389,0
DA:391,0
DA:396,0
DA:397,0
DA:398,0
DA:399,0
DA:405,0
DA:406,0
DA:426,0
DA:427,0
DA:446,0
DA:468,0
DA:482,0
DA:483,0
DA:498,0
DA:499,0
DA:500,0
DA:503,0
DA:504,0
DA:554,0
DA:576,0
DA:577,0
DA:579,0
DA:676,0
DA:689,0
DA:690,0
DA:692,0
DA:701,0
DA:723,0
DA:724,0
DA:725,0
DA:727,0
DA:729,0
DA:780,0
DA:781,0
DA:783,0
DA:786,0
DA:788,0
DA:789,0
DA:791,0
DA:792,0
DA:796,0
DA:840,0
DA:857,0
DA:945,0
DA:947,0
DA:984,0
DA:986,0
DA:1091,0
DA:1092,0
LF:231
LH:0
BRDA:76,0,0,0
BRDA:76,0,1,0
BRDA:81,1,0,0
BRDA:81,1,1,0
BRDA:81,2,0,0
BRDA:81,2,1,0
BRDA:88,3,0,0
BRDA:88,3,1,0
BRDA:96,4,0,0
BRDA:96,4,1,0
BRDA:96,5,0,0
BRDA:96,5,1,0
BRDA:107,6,0,0
BRDA:107,6,1,0
BRDA:107,7,0,0
BRDA:107,7,1,0
BRDA:118,8,0,0
BRDA:118,8,1,0
BRDA:118,9,0,0
BRDA:118,9,1,0
BRDA:118,9,2,0
BRDA:123,10,0,0
BRDA:123,10,1,0
BRDA:134,11,0,0
BRDA:134,11,1,0
BRDA:135,12,0,0
BRDA:135,12,1,0
BRDA:145,13,0,0
BRDA:145,13,1,0
BRDA:160,14,0,0
BRDA:160,14,1,0
BRDA:166,15,0,0
BRDA:166,15,1,0
BRDA:175,16,0,0
BRDA:177,17,0,0
BRDA:177,17,1,0
BRDA:190,18,0,0
BRDA:190,18,1,0
BRDA:218,19,0,0
BRDA:218,19,1,0
BRDA:218,20,0,0
BRDA:218,20,1,0
BRDA:228,21,0,0
BRDA:228,21,1,0
BRDA:242,22,0,0
BRDA:242,22,1,0
BRDA:249,23,0,0
BRDA:249,23,1,0
BRDA:257,24,0,0
BRDA:257,24,1,0
BRDA:266,25,0,0
BRDA:266,25,1,0
BRDA:272,26,0,0
BRDA:272,26,1,0
BRDA:289,27,0,0
BRDA:289,27,1,0
BRDA:289,28,0,0
BRDA:289,28,1,0
BRDA:308,29,0,0
BRDA:308,29,1,0
BRDA:313,30,0,0
BRDA:313,30,1,0
BRDA:326,31,0,0
BRDA:326,31,1,0
BRDA:330,32,0,0
BRDA:330,32,1,0
BRDA:352,33,0,0
BRDA:352,33,1,0
BRDA:352,34,0,0
BRDA:352,34,1,0
BRDA:357,35,0,0
BRDA:357,35,1,0
BRDA:362,36,0,0
BRDA:362,36,1,0
BRDA:366,37,0,0
BRDA:366,37,1,0
BRDA:375,38,0,0
BRDA:375,38,1,0
BRDA:377,39,0,0
BRDA:377,39,1,0
BRDA:378,40,0,0
BRDA:378,40,1,0
BRDA:383,41,0,0
BRDA:383,41,1,0
BRDA:383,41,2,0
BRDA:383,41,3,0
BRDA:398,42,0,0
BRDA:398,42,1,0
BRDA:405,43,0,0
BRDA:405,43,1,0
BRDA:405,44,0,0
BRDA:405,44,1,0
BRDA:412,45,0,0
BRDA:412,45,1,0
BRDA:415,46,0,0
BRDA:415,46,1,0
BRDA:426,47,0,0
BRDA:426,47,1,0
BRDA:426,48,0,0
BRDA:426,48,1,0
BRDA:426,48,2,0
BRDA:426,48,3,0
BRDA:426,48,4,0
BRDA:435,49,0,0
BRDA:435,49,1,0
BRDA:438,50,0,0
BRDA:438,50,1,0
BRDA:440,51,0,0
BRDA:440,51,1,0
BRDA:444,52,0,0
BRDA:444,52,1,0
BRDA:457,53,0,0
BRDA:457,53,1,0
BRDA:462,54,0,0
BRDA:462,54,1,0
BRDA:482,55,0,0
BRDA:482,55,1,0
BRDA:503,56,0,0
BRDA:503,56,1,0
BRDA:576,57,0,0
BRDA:576,57,1,0
BRDA:576,58,0,0
BRDA:576,58,1,0
BRDA:592,59,0,0
BRDA:592,59,1,0
BRDA:594,60,0,0
BRDA:594,60,1,0
BRDA:616,61,0,0
BRDA:616,61,1,0
BRDA:618,62,0,0
BRDA:618,62,1,0
BRDA:623,63,0,0
BRDA:623,63,1,0
BRDA:625,64,0,0
BRDA:625,64,1,0
BRDA:689,65,0,0
BRDA:689,65,1,0
BRDA:689,66,0,0
BRDA:689,66,1,0
BRDA:727,67,0,0
BRDA:727,67,1,0
BRDA:739,68,0,0
BRDA:739,68,1,0
BRDA:750,69,0,0
BRDA:750,69,1,0
BRDA:755,70,0,0
BRDA:755,70,1,0
BRDA:761,71,0,0
BRDA:761,71,1,0
BRDA:788,72,0,0
BRDA:788,72,1,0
BRDA:791,73,0,0
BRDA:791,73,1,0
BRDA:791,74,0,0
BRDA:791,74,1,0
BRDA:806,75,0,0
BRDA:806,75,1,0
BRDA:809,76,0,0
BRDA:809,76,1,0
BRDA:809,76,2,0
BRDA:820,77,0,0
BRDA:820,77,1,0
BRDA:926,78,0,0
BRDA:926,78,1,0
BRDA:949,79,0,0
BRDA:949,79,1,0
BRDA:957,80,0,0
BRDA:957,80,1,0
BRDA:962,81,0,0
BRDA:962,81,1,0
BRDA:988,82,0,0
BRDA:988,82,1,0
BRDA:990,83,0,0
BRDA:990,83,1,0
BRDA:996,84,0,0
BRDA:996,84,1,0
BRDA:1040,85,0,0
BRDA:1040,85,1,0
BRDA:1060,86,0,0
BRDA:1060,86,1,0
BRDA:1063,87,0,0
BRDA:1063,87,1,0
BRDA:1069,88,0,0
BRDA:1069,88,1,0
BRDA:1077,89,0,0
BRDA:1077,89,1,0
BRDA:1080,90,0,0
BRDA:1080,90,1,0
BRDA:1084,91,0,0
BRDA:1084,91,1,0
BRDA:1095,92,0,0
BRDA:1095,92,1,0
BRDA:1119,93,0,0
BRDA:1119,93,1,0
BRDA:1125,94,0,0
BRDA:1125,94,1,0
BRDA:1130,95,0,0
BRDA:1130,95,1,0
BRF:198
BRH:0
end_of_record
TN:
SF:src\pages\Dashboard Light Mode\quizzes-light.tsx
FN:36,QuizzesLight
FN:59,(anonymous_1)
FN:72,(anonymous_2)
FN:85,(anonymous_3)
FN:96,(anonymous_4)
FN:104,(anonymous_5)
FN:119,(anonymous_6)
FN:298,(anonymous_7)
FN:308,(anonymous_8)
FN:356,(anonymous_9)
FN:549,(anonymous_10)
FN:569,(anonymous_11)
FNF:12
FNH:0
FNDA:0,QuizzesLight
FNDA:0,(anonymous_1)
FNDA:0,(anonymous_2)
FNDA:0,(anonymous_3)
FNDA:0,(anonymous_4)
FNDA:0,(anonymous_5)
FNDA:0,(anonymous_6)
FNDA:0,(anonymous_7)
FNDA:0,(anonymous_8)
FNDA:0,(anonymous_9)
FNDA:0,(anonymous_10)
FNDA:0,(anonymous_11)
DA:3,0
DA:4,0
DA:5,0
DA:6,0
DA:7,0
DA:14,0
DA:31,0
DA:32,0
DA:33,0
DA:34,0
DA:36,0
DA:37,0
DA:38,0
DA:39,0
DA:40,0
DA:41,0
DA:42,0
DA:54,0
DA:57,0
DA:59,0
DA:60,0
DA:62,0
DA:64,0
DA:66,0
DA:68,0
DA:72,0
DA:73,0
DA:75,0
DA:77,0
DA:79,0
DA:81,0
DA:85,0
DA:86,0
DA:96,0
DA:97,0
DA:98,0
DA:99,0
DA:100,0
DA:101,0
DA:104,0
DA:105,0
DA:106,0
DA:112,0
DA:119,0
DA:121,0
DA:122,0
DA:125,0
DA:127,0
DA:130,0
DA:135,0
DA:136,0
DA:160,0
DA:298,0
DA:309,0
DA:357,0
DA:358,0
DA:359,0
DA:360,0
DA:362,0
DA:550,0
DA:569,0
LF:61
LH:0
BRDA:60,0,0,0
BRDA:60,0,1,0
BRDA:60,0,2,0
BRDA:60,0,3,0
BRDA:73,1,0,0
BRDA:73,1,1,0
BRDA:73,1,2,0
BRDA:73,1,3,0
BRDA:105,2,0,0
BRDA:105,2,1,0
BRDA:106,3,0,0
BRDA:106,3,1,0
BRDA:121,4,0,0
BRDA:121,4,1,0
BRDA:125,5,0,0
BRDA:125,5,1,0
BRDA:135,6,0,0
BRDA:135,6,1,0
BRDA:135,7,0,0
BRDA:135,7,1,0
BRDA:198,8,0,0
BRDA:198,8,1,0
BRDA:214,9,0,0
BRDA:214,9,1,0
BRDA:234,10,0,0
BRDA:234,10,1,0
BRDA:256,11,0,0
BRDA:256,11,1,0
BRDA:276,12,0,0
BRDA:276,12,1,0
BRDA:278,13,0,0
BRDA:278,13,1,0
BRDA:344,14,0,0
BRDA:344,14,1,0
BRDA:360,15,0,0
BRDA:360,15,1,0
BRDA:366,16,0,0
BRDA:366,16,1,0
BRDA:370,17,0,0
BRDA:370,17,1,0
BRDA:373,18,0,0
BRDA:373,18,1,0
BRDA:374,19,0,0
BRDA:374,19,1,0
BRDA:374,20,0,0
BRDA:374,20,1,0
BRDA:382,21,0,0
BRDA:382,21,1,0
BRDA:384,22,0,0
BRDA:384,22,1,0
BRDA:451,23,0,0
BRDA:451,23,1,0
BRDA:453,24,0,0
BRDA:453,24,1,0
BRDA:464,25,0,0
BRDA:464,25,1,0
BRDA:466,26,0,0
BRDA:466,26,1,0
BRDA:473,27,0,0
BRDA:473,27,1,0
BRDA:478,28,0,0
BRDA:478,28,1,0
BRDA:478,28,2,0
BRDA:522,29,0,0
BRDA:522,29,1,0
BRDA:533,30,0,0
BRDA:533,30,1,0
BRDA:563,31,0,0
BRDA:563,31,1,0
BRDA:565,32,0,0
BRDA:565,32,1,0
BRDA:572,33,0,0
BRDA:572,33,1,0
BRDA:577,34,0,0
BRDA:577,34,1,0
BRDA:596,35,0,0
BRDA:596,35,1,0
BRDA:596,35,2,0
BRDA:605,36,0,0
BRDA:605,36,1,0
BRF:80
BRH:0
end_of_record
TN:
SF:src\pages\Dashboard Light Mode\settings-light.tsx
FN:19,SettingsLight
FN:36,(anonymous_1)
FN:37,(anonymous_2)
FN:66,(anonymous_3)
FN:74,(anonymous_4)
FN:82,(anonymous_5)
FN:88,(anonymous_6)
FN:94,(anonymous_7)
FN:110,(anonymous_8)
FN:194,(anonymous_9)
FN:202,(anonymous_10)
FNF:11
FNH:0
FNDA:0,SettingsLight
FNDA:0,(anonymous_1)
FNDA:0,(anonymous_2)
FNDA:0,(anonymous_3)
FNDA:0,(anonymous_4)
FNDA:0,(anonymous_5)
FNDA:0,(anonymous_6)
FNDA:0,(anonymous_7)
FNDA:0,(anonymous_8)
FNDA:0,(anonymous_9)
FNDA:0,(anonymous_10)
DA:3,0
DA:4,0
DA:5,0
DA:6,0
DA:7,0
DA:8,0
DA:16,0
DA:17,0
DA:19,0
DA:20,0
DA:21,0
DA:24,0
DA:25,0
DA:26,0
DA:27,0
DA:30,0
DA:36,0
DA:37,0
DA:38,0
DA:40,0
DA:43,0
DA:44,0
DA:45,0
DA:49,0
DA:52,0
DA:53,0
DA:56,0
DA:58,0
DA:62,0
DA:66,0
DA:67,0
DA:68,0
DA:70,0
DA:74,0
DA:75,0
DA:77,0
DA:78,0
DA:79,0
DA:82,0
DA:83,0
DA:84,0
DA:85,0
DA:88,0
DA:89,0
DA:90,0
DA:91,0
DA:94,0
DA:96,0
DA:97,0
DA:98,0
DA:100,0
DA:107,0
DA:110,0
DA:112,0
DA:113,0
DA:114,0
DA:117,0
DA:118,0
DA:119,0
DA:122,0
DA:124,0
DA:128,0
DA:129,0
DA:141,0
DA:195,0
DA:202,0
LF:66
LH:0
BRDA:44,0,0,0
BRDA:44,0,1,0
BRDA:52,1,0,0
BRDA:52,1,1,0
BRDA:85,2,0,0
BRDA:85,2,1,0
BRDA:91,3,0,0
BRDA:91,3,1,0
BRDA:107,4,0,0
BRDA:107,4,1,0
BRDA:128,5,0,0
BRDA:128,5,1,0
BRDA:134,6,0,0
BRDA:134,6,1,0
BRDA:198,7,0,0
BRDA:198,7,1,0
BRDA:204,8,0,0
BRDA:204,8,1,0
BRDA:213,9,0,0
BRDA:213,9,1,0
BRDA:302,10,0,0
BRDA:302,10,1,0
BRDA:310,11,0,0
BRDA:310,11,1,0
BRF:24
BRH:0
end_of_record
TN:
SF:src\pages\Dashboard Light Mode\sidebar-light.tsx
FN:35,SidebarLight
FN:80,(anonymous_1)
FN:84,(anonymous_2)
FN:89,(anonymous_3)
FN:98,(anonymous_4)
FN:102,(anonymous_5)
FN:186,(anonymous_6)
FN:190,(anonymous_7)
FN:213,(anonymous_8)
FN:217,(anonymous_9)
FN:240,(anonymous_10)
FN:255,(anonymous_11)
FNF:12
FNH:0
FNDA:0,SidebarLight
FNDA:0,(anonymous_1)
FNDA:0,(anonymous_2)
FNDA:0,(anonymous_3)
FNDA:0,(anonymous_4)
FNDA:0,(anonymous_5)
FNDA:0,(anonymous_6)
FNDA:0,(anonymous_7)
FNDA:0,(anonymous_8)
FNDA:0,(anonymous_9)
FNDA:0,(anonymous_10)
FNDA:0,(anonymous_11)
DA:3,0
DA:4,0
DA:16,0
DA:17,0
DA:18,0
DA:35,0
DA:41,0
DA:42,0
DA:44,0
DA:72,0
DA:80,0
DA:81,0
DA:84,0
DA:86,0
DA:89,0
DA:91,0
DA:98,0
DA:99,0
DA:102,0
DA:104,0
DA:108,0
DA:109,0
DA:112,0
DA:187,0
DA:190,0
DA:214,0
DA:217,0
DA:240,0
DA:255,0
LF:29
LH:0
BRDA:116,0,0,0
BRDA:116,0,1,0
BRDA:123,1,0,0
BRDA:123,1,1,0
BRDA:129,2,0,0
BRDA:129,2,1,0
BRDA:148,3,0,0
BRDA:148,3,1,0
BRDA:162,4,0,0
BRDA:162,4,1,0
BRDA:166,5,0,0
BRDA:166,5,1,0
BRDA:174,6,0,0
BRDA:174,6,1,0
BRDA:178,7,0,0
BRDA:178,7,1,0
BRDA:192,8,0,0
BRDA:192,8,1,0
BRDA:194,9,0,0
BRDA:194,9,1,0
BRDA:200,10,0,0
BRDA:200,10,1,0
BRDA:207,11,0,0
BRDA:207,11,1,0
BRDA:219,12,0,0
BRDA:219,12,1,0
BRDA:221,13,0,0
BRDA:221,13,1,0
BRDA:227,14,0,0
BRDA:227,14,1,0
BRDA:242,15,0,0
BRDA:242,15,1,0
BRDA:246,16,0,0
BRDA:246,16,1,0
BRDA:252,17,0,0
BRDA:252,17,1,0
BRF:36
BRH:0
end_of_record
TN:
SF:src\utils\fileStorage.ts
FN:6,(anonymous_0)
FN:11,(anonymous_1)
FN:16,(anonymous_2)
FNF:3
FNH:0
FNDA:0,(anonymous_0)
FNDA:0,(anonymous_1)
FNDA:0,(anonymous_2)
DA:3,0
DA:6,0
DA:7,0
DA:11,0
DA:12,0
DA:16,0
DA:17,0
LF:7
LH:0
BRF:0
BRH:0
end_of_record
TN:
SF:src\utils\storage.ts
FN:18,(anonymous_0)
FN:28,(anonymous_1)
FN:45,(anonymous_2)
FN:54,(anonymous_3)
FN:58,(anonymous_4)
FN:62,(anonymous_5)
FNF:6
FNH:0
FNDA:0,(anonymous_0)
FNDA:0,(anonymous_1)
FNDA:0,(anonymous_2)
FNDA:0,(anonymous_3)
FNDA:0,(anonymous_4)
FNDA:0,(anonymous_5)
DA:16,0
DA:18,0
DA:19,0
DA:20,0
DA:21,0
DA:22,0
DA:24,0
DA:28,0
DA:29,0
DA:30,0
DA:31,0
DA:32,0
DA:35,0
DA:38,0
DA:45,0
DA:46,0
DA:54,0
DA:55,0
DA:58,0
DA:59,0
DA:62,0
DA:63,0
LF:22
LH:0
BRDA:31,0,0,0
BRDA:31,0,1,0
BRF:2
BRH:0
end_of_record
